Tue Nov 25 2025 0:0:19 } [BRANDABLE] info: SIGTERM received
Tue Nov 25 2025 0:0:20 } [BRANDABLE] info: Server running on port 5050
Tue Nov 25 2025 0:0:20 } [BRANDABLE] info: Express API routes available
Tue Nov 25 2025 0:0:20 } [BRANDABLE] info: Socket.io running on same port
Tue Nov 25 2025 0:0:20 } [BRANDABLE] info: SIGTERM received
Tue Nov 25 2025 0:0:21 } [BRANDABLE] info: Server running on port 5050
Tue Nov 25 2025 0:0:21 } [BRANDABLE] info: Express API routes available
Tue Nov 25 2025 0:0:21 } [BRANDABLE] info: Socket.io running on same port
Tue Nov 25 2025 0:0:21 } [BRANDABLE] info: SIGTERM received
Tue Nov 25 2025 0:0:21 } [BRANDABLE] info: Server running on port 5050
Tue Nov 25 2025 0:0:21 } [BRANDABLE] info: Express API routes available
Tue Nov 25 2025 0:0:21 } [BRANDABLE] info: Socket.io running on same port
Tue Nov 25 2025 0:0:21 } [BRANDABLE] info: SIGTERM received
Tue Nov 25 2025 0:0:21 } [BRANDABLE] info: Server running on port 5050
Tue Nov 25 2025 0:0:21 } [BRANDABLE] info: Express API routes available
Tue Nov 25 2025 0:0:21 } [BRANDABLE] info: Socket.io running on same port
Tue Nov 25 2025 0:0:22 } [BRANDABLE] info: SIGTERM received
Tue Nov 25 2025 0:0:22 } [BRANDABLE] info: Server running on port 5050
Tue Nov 25 2025 0:0:22 } [BRANDABLE] info: Express API routes available
Tue Nov 25 2025 0:0:22 } [BRANDABLE] info: Socket.io running on same port
Tue Nov 25 2025 0:0:22 } [BRANDABLE] info: SIGTERM received
Tue Nov 25 2025 0:0:23 } [BRANDABLE] info: Server running on port 5050
Tue Nov 25 2025 0:0:23 } [BRANDABLE] info: Express API routes available
Tue Nov 25 2025 0:0:23 } [BRANDABLE] info: Socket.io running on same port
Tue Nov 25 2025 0:0:23 } [BRANDABLE] info: SIGTERM received
Tue Nov 25 2025 0:0:23 } [BRANDABLE] info: Server running on port 5050
Tue Nov 25 2025 0:0:23 } [BRANDABLE] info: Express API routes available
Tue Nov 25 2025 0:0:23 } [BRANDABLE] info: Socket.io running on same port
Tue Nov 25 2025 0:2:13 } [BRANDABLE] info: SIGTERM received
Tue Nov 25 2025 0:2:13 } [BRANDABLE] info: Server running on port 5050
Tue Nov 25 2025 0:2:13 } [BRANDABLE] info: Express API routes available
Tue Nov 25 2025 0:2:13 } [BRANDABLE] info: Socket.io running on same port
Tue Nov 25 2025 0:5:41 } [BRANDABLE] info: SIGTERM received
Tue Nov 25 2025 0:5:42 } [BRANDABLE] info: Server running on port 5050
Tue Nov 25 2025 0:5:42 } [BRANDABLE] info: Express API routes available
Tue Nov 25 2025 0:5:42 } [BRANDABLE] info: Socket.io running on same port
Tue Nov 25 2025 0:5:42 } [BRANDABLE] info: SIGTERM received
Tue Nov 25 2025 0:5:43 } [BRANDABLE] info: Server running on port 5050
Tue Nov 25 2025 0:5:43 } [BRANDABLE] info: Express API routes available
Tue Nov 25 2025 0:5:43 } [BRANDABLE] info: Socket.io running on same port
Tue Nov 25 2025 0:5:43 } [BRANDABLE] info: SIGTERM received
Tue Nov 25 2025 0:5:43 } [BRANDABLE] info: Server running on port 5050
Tue Nov 25 2025 0:5:43 } [BRANDABLE] info: Express API routes available
Tue Nov 25 2025 0:5:43 } [BRANDABLE] info: Socket.io running on same port
Tue Nov 25 2025 0:5:44 } [BRANDABLE] info: SIGTERM received
Tue Nov 25 2025 0:5:45 } [BRANDABLE] info: Server running on port 5050
Tue Nov 25 2025 0:5:45 } [BRANDABLE] info: Express API routes available
Tue Nov 25 2025 0:5:45 } [BRANDABLE] info: Socket.io running on same port
Tue Nov 25 2025 0:5:45 } [BRANDABLE] info: SIGTERM received
Tue Nov 25 2025 0:5:48 } [BRANDABLE] info: Server running on port 5050
Tue Nov 25 2025 0:5:48 } [BRANDABLE] info: Express API routes available
Tue Nov 25 2025 0:5:48 } [BRANDABLE] info: Socket.io running on same port
Tue Nov 25 2025 0:5:49 } [BRANDABLE] info: SIGTERM received
Tue Nov 25 2025 0:5:49 } [BRANDABLE] info: Server running on port 5050
Tue Nov 25 2025 0:5:49 } [BRANDABLE] info: Express API routes available
Tue Nov 25 2025 0:5:49 } [BRANDABLE] info: Socket.io running on same port
Tue Nov 25 2025 0:5:51 } [BRANDABLE] info: SIGTERM received
Tue Nov 25 2025 0:5:52 } [BRANDABLE] info: Server running on port 5050
Tue Nov 25 2025 0:5:52 } [BRANDABLE] info: Express API routes available
Tue Nov 25 2025 0:5:52 } [BRANDABLE] info: Socket.io running on same port
Tue Nov 25 2025 0:5:54 } [BRANDABLE] info: SIGTERM received
Tue Nov 25 2025 0:5:54 } [BRANDABLE] info: Server running on port 5050
Tue Nov 25 2025 0:5:54 } [BRANDABLE] info: Express API routes available
Tue Nov 25 2025 0:5:54 } [BRANDABLE] info: Socket.io running on same port
Tue Nov 25 2025 0:9:14 } [BRANDABLE] info: SIGTERM received
Tue Nov 25 2025 0:9:14 } [BRANDABLE] info: Server running on port 5050
Tue Nov 25 2025 0:9:14 } [BRANDABLE] info: Express API routes available
Tue Nov 25 2025 0:9:14 } [BRANDABLE] info: Socket.io running on same port
Tue Nov 25 2025 0:9:23 } [BRANDABLE] info: SIGTERM received
Tue Nov 25 2025 0:9:25 } [BRANDABLE] info: Server running on port 5050
Tue Nov 25 2025 0:9:25 } [BRANDABLE] info: Express API routes available
Tue Nov 25 2025 0:9:25 } [BRANDABLE] info: Socket.io running on same port
Tue Nov 25 2025 0:9:26 } [BRANDABLE] info: SIGTERM received
Tue Nov 25 2025 0:9:27 } [BRANDABLE] info: Server running on port 5050
Tue Nov 25 2025 0:9:27 } [BRANDABLE] info: Express API routes available
Tue Nov 25 2025 0:9:27 } [BRANDABLE] info: Socket.io running on same port
Tue Nov 25 2025 0:9:27 } [BRANDABLE] info: SIGTERM received
Tue Nov 25 2025 0:9:27 } [BRANDABLE] info: Server running on port 5050
Tue Nov 25 2025 0:9:27 } [BRANDABLE] info: Express API routes available
Tue Nov 25 2025 0:9:27 } [BRANDABLE] info: Socket.io running on same port
Tue Nov 25 2025 0:9:28 } [BRANDABLE] info: SIGTERM received
Tue Nov 25 2025 0:9:28 } [BRANDABLE] info: Server running on port 5050
Tue Nov 25 2025 0:9:28 } [BRANDABLE] info: Express API routes available
Tue Nov 25 2025 0:9:28 } [BRANDABLE] info: Socket.io running on same port
Tue Nov 25 2025 0:9:28 } [BRANDABLE] info: SIGTERM received
Tue Nov 25 2025 0:9:29 } [BRANDABLE] info: Server running on port 5050
Tue Nov 25 2025 0:9:29 } [BRANDABLE] info: Express API routes available
Tue Nov 25 2025 0:9:29 } [BRANDABLE] info: Socket.io running on same port
Tue Nov 25 2025 0:9:29 } [BRANDABLE] info: SIGTERM received
Tue Nov 25 2025 0:9:29 } [BRANDABLE] info: Server running on port 5050
Tue Nov 25 2025 0:9:29 } [BRANDABLE] info: Express API routes available
Tue Nov 25 2025 0:9:29 } [BRANDABLE] info: Socket.io running on same port
Tue Nov 25 2025 0:9:29 } [BRANDABLE] info: SIGTERM received
Tue Nov 25 2025 0:9:29 } [BRANDABLE] info: Server running on port 5050
Tue Nov 25 2025 0:9:29 } [BRANDABLE] info: Express API routes available
Tue Nov 25 2025 0:9:29 } [BRANDABLE] info: Socket.io running on same port
Tue Nov 25 2025 0:9:32 } [BRANDABLE] info: SIGTERM received
Tue Nov 25 2025 0:9:32 } [BRANDABLE] info: Server running on port 5050
Tue Nov 25 2025 0:9:32 } [BRANDABLE] info: Express API routes available
Tue Nov 25 2025 0:9:32 } [BRANDABLE] info: Socket.io running on same port
Tue Nov 25 2025 0:9:35 } [BRANDABLE] info: SIGTERM received
Tue Nov 25 2025 0:9:35 } [BRANDABLE] info: Server running on port 5050
Tue Nov 25 2025 0:9:35 } [BRANDABLE] info: Express API routes available
Tue Nov 25 2025 0:9:35 } [BRANDABLE] info: Socket.io running on same port
Tue Nov 25 2025 0:9:35 } [BRANDABLE] info: SIGTERM received
Tue Nov 25 2025 0:9:35 } [BRANDABLE] info: Server running on port 5050
Tue Nov 25 2025 0:9:35 } [BRANDABLE] info: Express API routes available
Tue Nov 25 2025 0:9:35 } [BRANDABLE] info: Socket.io running on same port
Tue Nov 25 2025 0:9:38 } [BRANDABLE] info: SIGTERM received
Tue Nov 25 2025 0:9:38 } [BRANDABLE] info: Server running on port 5050
Tue Nov 25 2025 0:9:38 } [BRANDABLE] info: Express API routes available
Tue Nov 25 2025 0:9:38 } [BRANDABLE] info: Socket.io running on same port
Tue Nov 25 2025 0:9:39 } [BRANDABLE] info: SIGTERM received
Tue Nov 25 2025 0:9:39 } [BRANDABLE] info: Server running on port 5050
Tue Nov 25 2025 0:9:39 } [BRANDABLE] info: Express API routes available
Tue Nov 25 2025 0:9:39 } [BRANDABLE] info: Socket.io running on same port
Tue Nov 25 2025 0:9:41 } [BRANDABLE] info: SIGTERM received
Tue Nov 25 2025 0:9:42 } [BRANDABLE] info: Server running on port 5050
Tue Nov 25 2025 0:9:42 } [BRANDABLE] info: Express API routes available
Tue Nov 25 2025 0:9:42 } [BRANDABLE] info: Socket.io running on same port
Tue Nov 25 2025 0:9:42 } [BRANDABLE] info: SIGTERM received
Tue Nov 25 2025 0:9:43 } [BRANDABLE] info: Server running on port 5050
Tue Nov 25 2025 0:9:43 } [BRANDABLE] info: Express API routes available
Tue Nov 25 2025 0:9:43 } [BRANDABLE] info: Socket.io running on same port
Tue Nov 25 2025 0:9:47 } [BRANDABLE] info: SIGTERM received
Tue Nov 25 2025 0:9:48 } [BRANDABLE] info: Server running on port 5050
Tue Nov 25 2025 0:9:48 } [BRANDABLE] info: Express API routes available
Tue Nov 25 2025 0:9:48 } [BRANDABLE] info: Socket.io running on same port
Tue Nov 25 2025 0:9:49 } [BRANDABLE] info: SIGTERM received
Tue Nov 25 2025 0:9:49 } [BRANDABLE] info: Server running on port 5050
Tue Nov 25 2025 0:9:49 } [BRANDABLE] info: Express API routes available
Tue Nov 25 2025 0:9:49 } [BRANDABLE] info: Socket.io running on same port
Tue Nov 25 2025 0:9:50 } [BRANDABLE] info: SIGTERM received
Tue Nov 25 2025 0:9:50 } [BRANDABLE] info: Server running on port 5050
Tue Nov 25 2025 0:9:50 } [BRANDABLE] info: Express API routes available
Tue Nov 25 2025 0:9:50 } [BRANDABLE] info: Socket.io running on same port
Tue Nov 25 2025 0:9:51 } [BRANDABLE] info: SIGTERM received
Tue Nov 25 2025 0:9:51 } [BRANDABLE] info: Server running on port 5050
Tue Nov 25 2025 0:9:51 } [BRANDABLE] info: Express API routes available
Tue Nov 25 2025 0:9:51 } [BRANDABLE] info: Socket.io running on same port
Tue Nov 25 2025 0:9:51 } [BRANDABLE] info: SIGTERM received
Tue Nov 25 2025 0:9:52 } [BRANDABLE] info: Server running on port 5050
Tue Nov 25 2025 0:9:52 } [BRANDABLE] info: Express API routes available
Tue Nov 25 2025 0:9:52 } [BRANDABLE] info: Socket.io running on same port
Tue Nov 25 2025 0:9:52 } [BRANDABLE] info: SIGTERM received
Tue Nov 25 2025 0:9:52 } [BRANDABLE] info: Server running on port 5050
Tue Nov 25 2025 0:9:52 } [BRANDABLE] info: Express API routes available
Tue Nov 25 2025 0:9:52 } [BRANDABLE] info: Socket.io running on same port
Tue Nov 25 2025 0:9:53 } [BRANDABLE] info: SIGTERM received
Tue Nov 25 2025 0:9:54 } [BRANDABLE] info: Server running on port 5050
Tue Nov 25 2025 0:9:54 } [BRANDABLE] info: Express API routes available
Tue Nov 25 2025 0:9:54 } [BRANDABLE] info: Socket.io running on same port
Tue Nov 25 2025 0:9:55 } [BRANDABLE] info: SIGTERM received
Tue Nov 25 2025 0:9:55 } [BRANDABLE] info: Server running on port 5050
Tue Nov 25 2025 0:9:55 } [BRANDABLE] info: Express API routes available
Tue Nov 25 2025 0:9:55 } [BRANDABLE] info: Socket.io running on same port
Tue Nov 25 2025 0:10:14 } [BRANDABLE] info: SIGTERM received
Tue Nov 25 2025 0:10:15 } [BRANDABLE] info: Server running on port 5050
Tue Nov 25 2025 0:10:15 } [BRANDABLE] info: Express API routes available
Tue Nov 25 2025 0:10:15 } [BRANDABLE] info: Socket.io running on same port
Tue Nov 25 2025 0:10:15 } [BRANDABLE] info: SIGTERM received
Tue Nov 25 2025 0:10:15 } [BRANDABLE] info: Server running on port 5050
Tue Nov 25 2025 0:10:15 } [BRANDABLE] info: Express API routes available
Tue Nov 25 2025 0:10:15 } [BRANDABLE] info: Socket.io running on same port
Tue Nov 25 2025 0:10:37 } [BRANDABLE] info: SIGTERM received
Tue Nov 25 2025 0:10:38 } [BRANDABLE] info: Server running on port 5050
Tue Nov 25 2025 0:10:38 } [BRANDABLE] info: Express API routes available
Tue Nov 25 2025 0:10:38 } [BRANDABLE] info: Socket.io running on same port
Tue Nov 25 2025 0:10:38 } [BRANDABLE] info: SIGTERM received
Tue Nov 25 2025 0:10:38 } [BRANDABLE] info: Server running on port 5050
Tue Nov 25 2025 0:10:38 } [BRANDABLE] info: Express API routes available
Tue Nov 25 2025 0:10:38 } [BRANDABLE] info: Socket.io running on same port
Tue Nov 25 2025 0:10:38 } [BRANDABLE] info: SIGTERM received
Tue Nov 25 2025 0:10:39 } [BRANDABLE] info: Server running on port 5050
Tue Nov 25 2025 0:10:39 } [BRANDABLE] info: Express API routes available
Tue Nov 25 2025 0:10:39 } [BRANDABLE] info: Socket.io running on same port
Tue Nov 25 2025 0:10:39 } [BRANDABLE] info: SIGTERM received
Tue Nov 25 2025 0:10:39 } [BRANDABLE] info: Server running on port 5050
Tue Nov 25 2025 0:10:39 } [BRANDABLE] info: Express API routes available
Tue Nov 25 2025 0:10:39 } [BRANDABLE] info: Socket.io running on same port
Tue Nov 25 2025 0:10:40 } [BRANDABLE] info: SIGTERM received
Tue Nov 25 2025 0:10:40 } [BRANDABLE] info: Server running on port 5050
Tue Nov 25 2025 0:10:40 } [BRANDABLE] info: Express API routes available
Tue Nov 25 2025 0:10:40 } [BRANDABLE] info: Socket.io running on same port
Tue Nov 25 2025 0:10:40 } [BRANDABLE] info: SIGTERM received
Tue Nov 25 2025 0:10:41 } [BRANDABLE] info: Server running on port 5050
Tue Nov 25 2025 0:10:41 } [BRANDABLE] info: Express API routes available
Tue Nov 25 2025 0:10:41 } [BRANDABLE] info: Socket.io running on same port
Tue Nov 25 2025 0:10:41 } [BRANDABLE] info: SIGTERM received
Tue Nov 25 2025 0:10:41 } [BRANDABLE] info: Server running on port 5050
Tue Nov 25 2025 0:10:41 } [BRANDABLE] info: Express API routes available
Tue Nov 25 2025 0:10:41 } [BRANDABLE] info: Socket.io running on same port
Tue Nov 25 2025 0:10:42 } [BRANDABLE] info: SIGTERM received
Tue Nov 25 2025 0:10:42 } [BRANDABLE] info: Server running on port 5050
Tue Nov 25 2025 0:10:42 } [BRANDABLE] info: Express API routes available
Tue Nov 25 2025 0:10:42 } [BRANDABLE] info: Socket.io running on same port
Tue Nov 25 2025 0:10:43 } [BRANDABLE] info: SIGTERM received
Tue Nov 25 2025 0:10:43 } [BRANDABLE] info: Server running on port 5050
Tue Nov 25 2025 0:10:43 } [BRANDABLE] info: Express API routes available
Tue Nov 25 2025 0:10:43 } [BRANDABLE] info: Socket.io running on same port
Tue Nov 25 2025 0:10:43 } [BRANDABLE] info: SIGTERM received
Tue Nov 25 2025 0:10:43 } [BRANDABLE] info: Server running on port 5050
Tue Nov 25 2025 0:10:43 } [BRANDABLE] info: Express API routes available
Tue Nov 25 2025 0:10:43 } [BRANDABLE] info: Socket.io running on same port
Tue Nov 25 2025 0:12:54 } [BRANDABLE] info: SIGTERM received
Tue Nov 25 2025 0:13:12 } [BRANDABLE] info: Server running on port 5050
Tue Nov 25 2025 0:13:12 } [BRANDABLE] info: Express API routes available
Tue Nov 25 2025 0:13:12 } [BRANDABLE] info: Socket.io running on same port
Tue Nov 25 2025 0:14:43 } [BRANDABLE] info: SIGTERM received
Tue Nov 25 2025 0:14:44 } [BRANDABLE] info: Server running on port 5050
Tue Nov 25 2025 0:14:44 } [BRANDABLE] info: Express API routes available
Tue Nov 25 2025 0:14:44 } [BRANDABLE] info: Socket.io running on same port
Tue Nov 25 2025 0:14:46 } [BRANDABLE] info: SIGTERM received
Tue Nov 25 2025 0:14:47 } [BRANDABLE] info: Server running on port 5050
Tue Nov 25 2025 0:14:47 } [BRANDABLE] info: Express API routes available
Tue Nov 25 2025 0:14:47 } [BRANDABLE] info: Socket.io running on same port
Tue Nov 25 2025 0:14:47 } [BRANDABLE] info: SIGTERM received
Tue Nov 25 2025 0:14:47 } [BRANDABLE] info: Server running on port 5050
Tue Nov 25 2025 0:14:47 } [BRANDABLE] info: Express API routes available
Tue Nov 25 2025 0:14:47 } [BRANDABLE] info: Socket.io running on same port
Tue Nov 25 2025 0:14:48 } [BRANDABLE] info: SIGTERM received
Tue Nov 25 2025 0:14:48 } [BRANDABLE] info: Server running on port 5050
Tue Nov 25 2025 0:14:48 } [BRANDABLE] info: Express API routes available
Tue Nov 25 2025 0:14:48 } [BRANDABLE] info: Socket.io running on same port
Tue Nov 25 2025 0:14:48 } [BRANDABLE] info: SIGTERM received
Tue Nov 25 2025 0:14:48 } [BRANDABLE] info: Server running on port 5050
Tue Nov 25 2025 0:14:48 } [BRANDABLE] info: Express API routes available
Tue Nov 25 2025 0:14:48 } [BRANDABLE] info: Socket.io running on same port
Tue Nov 25 2025 0:14:48 } [BRANDABLE] info: SIGTERM received
Tue Nov 25 2025 0:14:49 } [BRANDABLE] info: Server running on port 5050
Tue Nov 25 2025 0:14:49 } [BRANDABLE] info: Express API routes available
Tue Nov 25 2025 0:14:49 } [BRANDABLE] info: Socket.io running on same port
Tue Nov 25 2025 0:14:49 } [BRANDABLE] info: SIGTERM received
Tue Nov 25 2025 0:14:49 } [BRANDABLE] info: Server running on port 5050
Tue Nov 25 2025 0:14:49 } [BRANDABLE] info: Express API routes available
Tue Nov 25 2025 0:14:49 } [BRANDABLE] info: Socket.io running on same port
Tue Nov 25 2025 0:14:49 } [BRANDABLE] info: SIGTERM received
Tue Nov 25 2025 0:14:52 } [BRANDABLE] info: Server running on port 5050
Tue Nov 25 2025 0:14:52 } [BRANDABLE] info: Express API routes available
Tue Nov 25 2025 0:14:52 } [BRANDABLE] info: Socket.io running on same port
Tue Nov 25 2025 0:20:11 } [BRANDABLE] info: SIGTERM received
Tue Nov 25 2025 0:20:11 } [BRANDABLE] info: Server running on port 5050
Tue Nov 25 2025 0:20:11 } [BRANDABLE] info: Express API routes available
Tue Nov 25 2025 0:20:11 } [BRANDABLE] info: Socket.io running on same port
Tue Nov 25 2025 0:20:12 } [BRANDABLE] info: SIGTERM received
Tue Nov 25 2025 0:20:13 } [BRANDABLE] info: Server running on port 5050
Tue Nov 25 2025 0:20:13 } [BRANDABLE] info: Express API routes available
Tue Nov 25 2025 0:20:13 } [BRANDABLE] info: Socket.io running on same port
Tue Nov 25 2025 0:20:13 } [BRANDABLE] info: SIGTERM received
Tue Nov 25 2025 0:20:15 } [BRANDABLE] info: Server running on port 5050
Tue Nov 25 2025 0:20:15 } [BRANDABLE] info: Express API routes available
Tue Nov 25 2025 0:20:15 } [BRANDABLE] info: Socket.io running on same port
Tue Nov 25 2025 0:20:15 } [BRANDABLE] info: SIGTERM received
Tue Nov 25 2025 0:20:56 } [BRANDABLE] info: Server running on port 5050
Tue Nov 25 2025 0:20:56 } [BRANDABLE] info: Express API routes available
Tue Nov 25 2025 0:20:56 } [BRANDABLE] info: Socket.io running on same port
Tue Nov 25 2025 0:20:57 } [BRANDABLE] info: SIGTERM received
Tue Nov 25 2025 0:20:57 } [BRANDABLE] info: Server running on port 5050
Tue Nov 25 2025 0:20:57 } [BRANDABLE] info: Express API routes available
Tue Nov 25 2025 0:20:57 } [BRANDABLE] info: Socket.io running on same port
Tue Nov 25 2025 0:21:1 } [BRANDABLE] info: SIGTERM received
Tue Nov 25 2025 0:21:1 } [BRANDABLE] info: Server running on port 5050
Tue Nov 25 2025 0:21:1 } [BRANDABLE] info: Express API routes available
Tue Nov 25 2025 0:21:1 } [BRANDABLE] info: Socket.io running on same port
Tue Nov 25 2025 0:21:7 } [BRANDABLE] info: SIGTERM received
Tue Nov 25 2025 0:21:7 } [BRANDABLE] info: Server running on port 5050
Tue Nov 25 2025 0:21:7 } [BRANDABLE] info: Express API routes available
Tue Nov 25 2025 0:21:7 } [BRANDABLE] info: Socket.io running on same port
Tue Nov 25 2025 0:21:7 } [BRANDABLE] info: SIGTERM received
Tue Nov 25 2025 0:21:7 } [BRANDABLE] info: Server running on port 5050
Tue Nov 25 2025 0:21:7 } [BRANDABLE] info: Express API routes available
Tue Nov 25 2025 0:21:7 } [BRANDABLE] info: Socket.io running on same port
Tue Nov 25 2025 0:21:10 } [BRANDABLE] info: SIGTERM received
Tue Nov 25 2025 0:21:10 } [BRANDABLE] info: Server running on port 5050
Tue Nov 25 2025 0:21:10 } [BRANDABLE] info: Express API routes available
Tue Nov 25 2025 0:21:10 } [BRANDABLE] info: Socket.io running on same port
Tue Nov 25 2025 0:21:16 } [BRANDABLE] info: SIGTERM received
Tue Nov 25 2025 0:21:16 } [BRANDABLE] info: Server running on port 5050
Tue Nov 25 2025 0:21:16 } [BRANDABLE] info: Express API routes available
Tue Nov 25 2025 0:21:16 } [BRANDABLE] info: Socket.io running on same port
Tue Nov 25 2025 0:21:18 } [BRANDABLE] info: SIGTERM received
Tue Nov 25 2025 0:21:18 } [BRANDABLE] info: Server running on port 5050
Tue Nov 25 2025 0:21:18 } [BRANDABLE] info: Express API routes available
Tue Nov 25 2025 0:21:18 } [BRANDABLE] info: Socket.io running on same port
Tue Nov 25 2025 0:21:20 } [BRANDABLE] info: SIGTERM received
Tue Nov 25 2025 0:21:20 } [BRANDABLE] info: Server running on port 5050
Tue Nov 25 2025 0:21:20 } [BRANDABLE] info: Express API routes available
Tue Nov 25 2025 0:21:20 } [BRANDABLE] info: Socket.io running on same port
Tue Nov 25 2025 0:21:20 } [BRANDABLE] info: SIGTERM received
Tue Nov 25 2025 0:21:20 } [BRANDABLE] info: Server running on port 5050
Tue Nov 25 2025 0:21:20 } [BRANDABLE] info: Express API routes available
Tue Nov 25 2025 0:21:20 } [BRANDABLE] info: Socket.io running on same port
Tue Nov 25 2025 0:21:21 } [BRANDABLE] info: SIGTERM received
Tue Nov 25 2025 0:21:21 } [BRANDABLE] info: Server running on port 5050
Tue Nov 25 2025 0:21:21 } [BRANDABLE] info: Express API routes available
Tue Nov 25 2025 0:21:21 } [BRANDABLE] info: Socket.io running on same port
Tue Nov 25 2025 0:21:21 } [BRANDABLE] info: SIGTERM received
Tue Nov 25 2025 0:21:21 } [BRANDABLE] info: Server running on port 5050
Tue Nov 25 2025 0:21:21 } [BRANDABLE] info: Express API routes available
Tue Nov 25 2025 0:21:21 } [BRANDABLE] info: Socket.io running on same port
Tue Nov 25 2025 0:21:21 } [BRANDABLE] info: SIGTERM received
Tue Nov 25 2025 0:21:22 } [BRANDABLE] info: Server running on port 5050
Tue Nov 25 2025 0:21:22 } [BRANDABLE] info: Express API routes available
Tue Nov 25 2025 0:21:22 } [BRANDABLE] info: Socket.io running on same port
Tue Nov 25 2025 0:21:22 } [BRANDABLE] info: SIGTERM received
Tue Nov 25 2025 0:21:22 } [BRANDABLE] info: Server running on port 5050
Tue Nov 25 2025 0:21:22 } [BRANDABLE] info: Express API routes available
Tue Nov 25 2025 0:21:22 } [BRANDABLE] info: Socket.io running on same port
Tue Nov 25 2025 0:21:24 } [BRANDABLE] info: SIGTERM received
Tue Nov 25 2025 0:21:24 } [BRANDABLE] info: Server running on port 5050
Tue Nov 25 2025 0:21:24 } [BRANDABLE] info: Express API routes available
Tue Nov 25 2025 0:21:24 } [BRANDABLE] info: Socket.io running on same port
Tue Nov 25 2025 0:21:25 } [BRANDABLE] info: SIGTERM received
Tue Nov 25 2025 0:21:25 } [BRANDABLE] info: Server running on port 5050
Tue Nov 25 2025 0:21:25 } [BRANDABLE] info: Express API routes available
Tue Nov 25 2025 0:21:25 } [BRANDABLE] info: Socket.io running on same port
Tue Nov 25 2025 0:21:26 } [BRANDABLE] info: SIGTERM received
Tue Nov 25 2025 0:21:27 } [BRANDABLE] info: Server running on port 5050
Tue Nov 25 2025 0:21:27 } [BRANDABLE] info: Express API routes available
Tue Nov 25 2025 0:21:27 } [BRANDABLE] info: Socket.io running on same port
Tue Nov 25 2025 0:21:27 } [BRANDABLE] info: SIGTERM received
Tue Nov 25 2025 0:21:27 } [BRANDABLE] info: Server running on port 5050
Tue Nov 25 2025 0:21:27 } [BRANDABLE] info: Express API routes available
Tue Nov 25 2025 0:21:27 } [BRANDABLE] info: Socket.io running on same port
Tue Nov 25 2025 0:21:27 } [BRANDABLE] info: SIGTERM received
Tue Nov 25 2025 0:21:28 } [BRANDABLE] info: Server running on port 5050
Tue Nov 25 2025 0:21:28 } [BRANDABLE] info: Express API routes available
Tue Nov 25 2025 0:21:28 } [BRANDABLE] info: Socket.io running on same port
Tue Nov 25 2025 0:21:32 } [BRANDABLE] info: SIGTERM received
Tue Nov 25 2025 0:21:33 } [BRANDABLE] info: Server running on port 5050
Tue Nov 25 2025 0:21:33 } [BRANDABLE] info: Express API routes available
Tue Nov 25 2025 0:21:33 } [BRANDABLE] info: Socket.io running on same port
Tue Nov 25 2025 0:21:36 } [BRANDABLE] info: SIGTERM received
Tue Nov 25 2025 0:21:37 } [BRANDABLE] info: Server running on port 5050
Tue Nov 25 2025 0:21:37 } [BRANDABLE] info: Express API routes available
Tue Nov 25 2025 0:21:37 } [BRANDABLE] info: Socket.io running on same port
Tue Nov 25 2025 0:21:37 } [BRANDABLE] info: SIGTERM received
Tue Nov 25 2025 0:21:37 } [BRANDABLE] info: Server running on port 5050
Tue Nov 25 2025 0:21:37 } [BRANDABLE] info: Express API routes available
Tue Nov 25 2025 0:21:37 } [BRANDABLE] info: Socket.io running on same port
Tue Nov 25 2025 0:21:37 } [BRANDABLE] info: SIGTERM received
Tue Nov 25 2025 0:21:53 } [BRANDABLE] info: Server running on port 5050
Tue Nov 25 2025 0:21:53 } [BRANDABLE] info: Express API routes available
Tue Nov 25 2025 0:21:53 } [BRANDABLE] info: Socket.io running on same port
Tue Nov 25 2025 0:21:54 } [BRANDABLE] info: SIGTERM received
Tue Nov 25 2025 0:21:54 } [BRANDABLE] info: Server running on port 5050
Tue Nov 25 2025 0:21:54 } [BRANDABLE] info: Express API routes available
Tue Nov 25 2025 0:21:54 } [BRANDABLE] info: Socket.io running on same port
Tue Nov 25 2025 0:22:31 } [BRANDABLE] info: SIGTERM received
Tue Nov 25 2025 0:22:31 } [BRANDABLE] info: Server running on port 5050
Tue Nov 25 2025 0:22:31 } [BRANDABLE] info: Express API routes available
Tue Nov 25 2025 0:22:31 } [BRANDABLE] info: Socket.io running on same port
Tue Nov 25 2025 0:22:38 } [BRANDABLE] info: SIGTERM received
Tue Nov 25 2025 0:22:38 } [BRANDABLE] info: Server running on port 5050
Tue Nov 25 2025 0:22:38 } [BRANDABLE] info: Express API routes available
Tue Nov 25 2025 0:22:38 } [BRANDABLE] info: Socket.io running on same port
Tue Nov 25 2025 0:22:39 } [BRANDABLE] info: SIGTERM received
Tue Nov 25 2025 0:22:39 } [BRANDABLE] info: Server running on port 5050
Tue Nov 25 2025 0:22:39 } [BRANDABLE] info: Express API routes available
Tue Nov 25 2025 0:22:39 } [BRANDABLE] info: Socket.io running on same port
Tue Nov 25 2025 0:22:45 } [BRANDABLE] info: SIGTERM received
Tue Nov 25 2025 0:22:45 } [BRANDABLE] info: Server running on port 5050
Tue Nov 25 2025 0:22:45 } [BRANDABLE] info: Express API routes available
Tue Nov 25 2025 0:22:45 } [BRANDABLE] info: Socket.io running on same port
Tue Nov 25 2025 0:23:22 } [BRANDABLE] info: SIGTERM received
Tue Nov 25 2025 0:23:23 } [BRANDABLE] info: Server running on port 5050
Tue Nov 25 2025 0:23:23 } [BRANDABLE] info: Express API routes available
Tue Nov 25 2025 0:23:23 } [BRANDABLE] info: Socket.io running on same port
Tue Nov 25 2025 0:23:23 } [BRANDABLE] info: SIGTERM received
Tue Nov 25 2025 0:23:23 } [BRANDABLE] info: Server running on port 5050
Tue Nov 25 2025 0:23:23 } [BRANDABLE] info: Express API routes available
Tue Nov 25 2025 0:23:23 } [BRANDABLE] info: Socket.io running on same port
Tue Nov 25 2025 0:23:23 } [BRANDABLE] info: SIGTERM received
Tue Nov 25 2025 0:23:24 } [BRANDABLE] info: Server running on port 5050
Tue Nov 25 2025 0:23:24 } [BRANDABLE] info: Express API routes available
Tue Nov 25 2025 0:23:24 } [BRANDABLE] info: Socket.io running on same port
Tue Nov 25 2025 0:23:24 } [BRANDABLE] info: SIGTERM received
Tue Nov 25 2025 0:23:25 } [BRANDABLE] info: Server running on port 5050
Tue Nov 25 2025 0:23:25 } [BRANDABLE] info: Express API routes available
Tue Nov 25 2025 0:23:25 } [BRANDABLE] info: Socket.io running on same port
Tue Nov 25 2025 0:23:25 } [BRANDABLE] info: SIGTERM received
Tue Nov 25 2025 0:23:25 } [BRANDABLE] info: Server running on port 5050
Tue Nov 25 2025 0:23:25 } [BRANDABLE] info: Express API routes available
Tue Nov 25 2025 0:23:25 } [BRANDABLE] info: Socket.io running on same port
Tue Nov 25 2025 0:23:25 } [BRANDABLE] info: SIGTERM received
Tue Nov 25 2025 0:23:26 } [BRANDABLE] info: Server running on port 5050
Tue Nov 25 2025 0:23:26 } [BRANDABLE] info: Express API routes available
Tue Nov 25 2025 0:23:26 } [BRANDABLE] info: Socket.io running on same port
Tue Nov 25 2025 0:23:26 } [BRANDABLE] info: SIGTERM received
Tue Nov 25 2025 0:23:27 } [BRANDABLE] info: Server running on port 5050
Tue Nov 25 2025 0:23:27 } [BRANDABLE] info: Express API routes available
Tue Nov 25 2025 0:23:27 } [BRANDABLE] info: Socket.io running on same port
Tue Nov 25 2025 0:23:27 } [BRANDABLE] info: SIGTERM received
Tue Nov 25 2025 0:23:27 } [BRANDABLE] info: Server running on port 5050
Tue Nov 25 2025 0:23:27 } [BRANDABLE] info: Express API routes available
Tue Nov 25 2025 0:23:27 } [BRANDABLE] info: Socket.io running on same port
Tue Nov 25 2025 0:23:27 } [BRANDABLE] info: SIGTERM received
Tue Nov 25 2025 0:23:28 } [BRANDABLE] info: Server running on port 5050
Tue Nov 25 2025 0:23:28 } [BRANDABLE] info: Express API routes available
Tue Nov 25 2025 0:23:28 } [BRANDABLE] info: Socket.io running on same port
Tue Nov 25 2025 0:23:28 } [BRANDABLE] info: SIGTERM received
Tue Nov 25 2025 0:23:29 } [BRANDABLE] info: Server running on port 5050
Tue Nov 25 2025 0:23:29 } [BRANDABLE] info: Express API routes available
Tue Nov 25 2025 0:23:29 } [BRANDABLE] info: Socket.io running on same port
Tue Nov 25 2025 0:23:49 } [BRANDABLE] info: SIGTERM received
Tue Nov 25 2025 0:23:49 } [BRANDABLE] info: Server running on port 5050
Tue Nov 25 2025 0:23:49 } [BRANDABLE] info: Express API routes available
Tue Nov 25 2025 0:23:49 } [BRANDABLE] info: Socket.io running on same port
Tue Nov 25 2025 0:23:53 } [BRANDABLE] info: SIGTERM received
Tue Nov 25 2025 0:23:53 } [BRANDABLE] info: Server running on port 5050
Tue Nov 25 2025 0:23:53 } [BRANDABLE] info: Express API routes available
Tue Nov 25 2025 0:23:53 } [BRANDABLE] info: Socket.io running on same port
Tue Nov 25 2025 0:24:15 } [BRANDABLE] info: SIGTERM received
Tue Nov 25 2025 0:24:15 } [BRANDABLE] info: Server running on port 5050
Tue Nov 25 2025 0:24:15 } [BRANDABLE] info: Express API routes available
Tue Nov 25 2025 0:24:15 } [BRANDABLE] info: Socket.io running on same port
Tue Nov 25 2025 0:24:17 } [BRANDABLE] info: SIGTERM received
Tue Nov 25 2025 0:24:18 } [BRANDABLE] info: Server running on port 5050
Tue Nov 25 2025 0:24:18 } [BRANDABLE] info: Express API routes available
Tue Nov 25 2025 0:24:18 } [BRANDABLE] info: Socket.io running on same port
Tue Nov 25 2025 0:24:26 } [BRANDABLE] info: SIGTERM received
Tue Nov 25 2025 0:24:27 } [BRANDABLE] info: Server running on port 5050
Tue Nov 25 2025 0:24:27 } [BRANDABLE] info: Express API routes available
Tue Nov 25 2025 0:24:27 } [BRANDABLE] info: Socket.io running on same port
Tue Nov 25 2025 0:24:33 } [BRANDABLE] info: SIGTERM received
Tue Nov 25 2025 0:24:33 } [BRANDABLE] info: Server running on port 5050
Tue Nov 25 2025 0:24:33 } [BRANDABLE] info: Express API routes available
Tue Nov 25 2025 0:24:33 } [BRANDABLE] info: Socket.io running on same port
Tue Nov 25 2025 0:24:35 } [BRANDABLE] info: SIGTERM received
Tue Nov 25 2025 0:24:35 } [BRANDABLE] info: Server running on port 5050
Tue Nov 25 2025 0:24:35 } [BRANDABLE] info: Express API routes available
Tue Nov 25 2025 0:24:35 } [BRANDABLE] info: Socket.io running on same port
Tue Nov 25 2025 0:24:37 } [BRANDABLE] info: SIGTERM received
Tue Nov 25 2025 0:24:37 } [BRANDABLE] info: Server running on port 5050
Tue Nov 25 2025 0:24:37 } [BRANDABLE] info: Express API routes available
Tue Nov 25 2025 0:24:37 } [BRANDABLE] info: Socket.io running on same port
Tue Nov 25 2025 0:24:42 } [BRANDABLE] info: SIGTERM received
Tue Nov 25 2025 0:24:42 } [BRANDABLE] info: Server running on port 5050
Tue Nov 25 2025 0:24:42 } [BRANDABLE] info: Express API routes available
Tue Nov 25 2025 0:24:42 } [BRANDABLE] info: Socket.io running on same port
Tue Nov 25 2025 0:24:48 } [BRANDABLE] info: SIGTERM received
Tue Nov 25 2025 0:24:48 } [BRANDABLE] info: Server running on port 5050
Tue Nov 25 2025 0:24:48 } [BRANDABLE] info: Express API routes available
Tue Nov 25 2025 0:24:48 } [BRANDABLE] info: Socket.io running on same port
Tue Nov 25 2025 0:25:3 } [BRANDABLE] info: SIGTERM received
Tue Nov 25 2025 0:25:3 } [BRANDABLE] info: Server running on port 5050
Tue Nov 25 2025 0:25:3 } [BRANDABLE] info: Express API routes available
Tue Nov 25 2025 0:25:3 } [BRANDABLE] info: Socket.io running on same port
Tue Nov 25 2025 0:25:3 } [BRANDABLE] info: SIGTERM received
Tue Nov 25 2025 0:25:3 } [BRANDABLE] info: Server running on port 5050
Tue Nov 25 2025 0:25:3 } [BRANDABLE] info: Express API routes available
Tue Nov 25 2025 0:25:3 } [BRANDABLE] info: Socket.io running on same port
Tue Nov 25 2025 0:25:4 } [BRANDABLE] info: SIGTERM received
Tue Nov 25 2025 0:25:4 } [BRANDABLE] info: Server running on port 5050
Tue Nov 25 2025 0:25:4 } [BRANDABLE] info: Express API routes available
Tue Nov 25 2025 0:25:4 } [BRANDABLE] info: Socket.io running on same port
Tue Nov 25 2025 0:25:39 } [BRANDABLE] info: SIGTERM received
Tue Nov 25 2025 0:25:40 } [BRANDABLE] info: Server running on port 5050
Tue Nov 25 2025 0:25:40 } [BRANDABLE] info: Express API routes available
Tue Nov 25 2025 0:25:40 } [BRANDABLE] info: Socket.io running on same port
Tue Nov 25 2025 0:25:41 } [BRANDABLE] info: SIGTERM received
Tue Nov 25 2025 0:25:41 } [BRANDABLE] info: Server running on port 5050
Tue Nov 25 2025 0:25:41 } [BRANDABLE] info: Express API routes available
Tue Nov 25 2025 0:25:41 } [BRANDABLE] info: Socket.io running on same port
Tue Nov 25 2025 0:25:41 } [BRANDABLE] info: SIGTERM received
Tue Nov 25 2025 0:25:42 } [BRANDABLE] info: Server running on port 5050
Tue Nov 25 2025 0:25:42 } [BRANDABLE] info: Express API routes available
Tue Nov 25 2025 0:25:42 } [BRANDABLE] info: Socket.io running on same port
Tue Nov 25 2025 0:25:42 } [BRANDABLE] info: SIGTERM received
Tue Nov 25 2025 0:25:42 } [BRANDABLE] info: Server running on port 5050
Tue Nov 25 2025 0:25:42 } [BRANDABLE] info: Express API routes available
Tue Nov 25 2025 0:25:42 } [BRANDABLE] info: Socket.io running on same port
Tue Nov 25 2025 0:25:43 } [BRANDABLE] info: SIGTERM received
Tue Nov 25 2025 0:25:43 } [BRANDABLE] info: Server running on port 5050
Tue Nov 25 2025 0:25:43 } [BRANDABLE] info: Express API routes available
Tue Nov 25 2025 0:25:43 } [BRANDABLE] info: Socket.io running on same port
Tue Nov 25 2025 0:25:43 } [BRANDABLE] info: SIGTERM received
Tue Nov 25 2025 0:25:43 } [BRANDABLE] info: Server running on port 5050
Tue Nov 25 2025 0:25:43 } [BRANDABLE] info: Express API routes available
Tue Nov 25 2025 0:25:43 } [BRANDABLE] info: Socket.io running on same port
Tue Nov 25 2025 0:29:37 } [BRANDABLE] info: SIGTERM received
Tue Nov 25 2025 0:29:38 } [BRANDABLE] info: Server running on port 5050
Tue Nov 25 2025 0:29:38 } [BRANDABLE] info: Express API routes available
Tue Nov 25 2025 0:29:38 } [BRANDABLE] info: Socket.io running on same port
Tue Nov 25 2025 0:29:42 } [BRANDABLE] info: SIGTERM received
Tue Nov 25 2025 0:29:43 } [BRANDABLE] info: Server running on port 5050
Tue Nov 25 2025 0:29:43 } [BRANDABLE] info: Express API routes available
Tue Nov 25 2025 0:29:43 } [BRANDABLE] info: Socket.io running on same port
Tue Nov 25 2025 0:29:43 } [BRANDABLE] info: SIGTERM received
Tue Nov 25 2025 0:29:43 } [BRANDABLE] info: Server running on port 5050
Tue Nov 25 2025 0:29:43 } [BRANDABLE] info: Express API routes available
Tue Nov 25 2025 0:29:43 } [BRANDABLE] info: Socket.io running on same port
Tue Nov 25 2025 0:29:44 } [BRANDABLE] info: SIGTERM received
Tue Nov 25 2025 0:29:45 } [BRANDABLE] info: Server running on port 5050
Tue Nov 25 2025 0:29:45 } [BRANDABLE] info: Express API routes available
Tue Nov 25 2025 0:29:45 } [BRANDABLE] info: Socket.io running on same port
Tue Nov 25 2025 0:29:45 } [BRANDABLE] info: SIGTERM received
Tue Nov 25 2025 0:29:45 } [BRANDABLE] info: Server running on port 5050
Tue Nov 25 2025 0:29:45 } [BRANDABLE] info: Express API routes available
Tue Nov 25 2025 0:29:45 } [BRANDABLE] info: Socket.io running on same port
Tue Nov 25 2025 0:29:49 } [BRANDABLE] info: SIGTERM received
Tue Nov 25 2025 0:29:50 } [BRANDABLE] info: Server running on port 5050
Tue Nov 25 2025 0:29:50 } [BRANDABLE] info: Express API routes available
Tue Nov 25 2025 0:29:50 } [BRANDABLE] info: Socket.io running on same port
Tue Nov 25 2025 0:29:50 } [BRANDABLE] info: SIGTERM received
Tue Nov 25 2025 0:29:50 } [BRANDABLE] info: Server running on port 5050
Tue Nov 25 2025 0:29:50 } [BRANDABLE] info: Express API routes available
Tue Nov 25 2025 0:29:50 } [BRANDABLE] info: Socket.io running on same port
Tue Nov 25 2025 0:29:50 } [BRANDABLE] info: SIGTERM received
Tue Nov 25 2025 0:29:50 } [BRANDABLE] info: Server running on port 5050
Tue Nov 25 2025 0:29:50 } [BRANDABLE] info: Express API routes available
Tue Nov 25 2025 0:29:50 } [BRANDABLE] info: Socket.io running on same port
Tue Nov 25 2025 0:29:51 } [BRANDABLE] info: SIGTERM received
Tue Nov 25 2025 0:29:52 } [BRANDABLE] info: Server running on port 5050
Tue Nov 25 2025 0:29:52 } [BRANDABLE] info: Express API routes available
Tue Nov 25 2025 0:29:52 } [BRANDABLE] info: Socket.io running on same port
Tue Nov 25 2025 0:29:52 } [BRANDABLE] info: SIGTERM received
Tue Nov 25 2025 0:29:52 } [BRANDABLE] info: Server running on port 5050
Tue Nov 25 2025 0:29:52 } [BRANDABLE] info: Express API routes available
Tue Nov 25 2025 0:29:52 } [BRANDABLE] info: Socket.io running on same port
Tue Nov 25 2025 0:29:52 } [BRANDABLE] info: SIGTERM received
Tue Nov 25 2025 0:29:52 } [BRANDABLE] info: Server running on port 5050
Tue Nov 25 2025 0:29:52 } [BRANDABLE] info: Express API routes available
Tue Nov 25 2025 0:29:52 } [BRANDABLE] info: Socket.io running on same port
Tue Nov 25 2025 0:29:53 } [BRANDABLE] info: SIGTERM received
Tue Nov 25 2025 0:29:53 } [BRANDABLE] info: Server running on port 5050
Tue Nov 25 2025 0:29:53 } [BRANDABLE] info: Express API routes available
Tue Nov 25 2025 0:29:53 } [BRANDABLE] info: Socket.io running on same port
Tue Nov 25 2025 0:29:56 } [BRANDABLE] info: SIGTERM received
Tue Nov 25 2025 0:29:57 } [BRANDABLE] info: Server running on port 5050
Tue Nov 25 2025 0:29:57 } [BRANDABLE] info: Express API routes available
Tue Nov 25 2025 0:29:57 } [BRANDABLE] info: Socket.io running on same port
Tue Nov 25 2025 0:29:57 } [BRANDABLE] info: SIGTERM received
Tue Nov 25 2025 0:29:58 } [BRANDABLE] info: Server running on port 5050
Tue Nov 25 2025 0:29:58 } [BRANDABLE] info: Express API routes available
Tue Nov 25 2025 0:29:58 } [BRANDABLE] info: Socket.io running on same port
Tue Nov 25 2025 0:30:1 } [BRANDABLE] info: SIGTERM received
Tue Nov 25 2025 0:30:1 } [BRANDABLE] info: Server running on port 5050
Tue Nov 25 2025 0:30:1 } [BRANDABLE] info: Express API routes available
Tue Nov 25 2025 0:30:1 } [BRANDABLE] info: Socket.io running on same port
Tue Nov 25 2025 0:30:1 } [BRANDABLE] info: SIGTERM received
Tue Nov 25 2025 0:30:2 } [BRANDABLE] info: Server running on port 5050
Tue Nov 25 2025 0:30:2 } [BRANDABLE] info: Express API routes available
Tue Nov 25 2025 0:30:2 } [BRANDABLE] info: Socket.io running on same port
Tue Nov 25 2025 0:30:2 } [BRANDABLE] info: SIGTERM received
Tue Nov 25 2025 0:30:2 } [BRANDABLE] info: Server running on port 5050
Tue Nov 25 2025 0:30:2 } [BRANDABLE] info: Express API routes available
Tue Nov 25 2025 0:30:2 } [BRANDABLE] info: Socket.io running on same port
Tue Nov 25 2025 0:30:5 } [BRANDABLE] info: SIGTERM received
Tue Nov 25 2025 0:30:6 } [BRANDABLE] info: Server running on port 5050
Tue Nov 25 2025 0:30:6 } [BRANDABLE] info: Express API routes available
Tue Nov 25 2025 0:30:6 } [BRANDABLE] info: Socket.io running on same port
Tue Nov 25 2025 0:30:6 } [BRANDABLE] info: SIGTERM received
Tue Nov 25 2025 0:30:6 } [BRANDABLE] info: Server running on port 5050
Tue Nov 25 2025 0:30:6 } [BRANDABLE] info: Express API routes available
Tue Nov 25 2025 0:30:6 } [BRANDABLE] info: Socket.io running on same port
Tue Nov 25 2025 0:30:18 } [BRANDABLE] info: SIGTERM received
Tue Nov 25 2025 0:30:19 } [BRANDABLE] info: Server running on port 5050
Tue Nov 25 2025 0:30:19 } [BRANDABLE] info: Express API routes available
Tue Nov 25 2025 0:30:19 } [BRANDABLE] info: Socket.io running on same port
Tue Nov 25 2025 0:30:19 } [BRANDABLE] info: SIGTERM received
Tue Nov 25 2025 0:30:19 } [BRANDABLE] info: Server running on port 5050
Tue Nov 25 2025 0:30:19 } [BRANDABLE] info: Express API routes available
Tue Nov 25 2025 0:30:19 } [BRANDABLE] info: Socket.io running on same port
Tue Nov 25 2025 0:30:19 } [BRANDABLE] info: SIGTERM received
Tue Nov 25 2025 0:30:20 } [BRANDABLE] info: Server running on port 5050
Tue Nov 25 2025 0:30:20 } [BRANDABLE] info: Express API routes available
Tue Nov 25 2025 0:30:20 } [BRANDABLE] info: Socket.io running on same port
Tue Nov 25 2025 0:30:22 } [BRANDABLE] info: SIGTERM received
Tue Nov 25 2025 0:30:23 } [BRANDABLE] info: Server running on port 5050
Tue Nov 25 2025 0:30:23 } [BRANDABLE] info: Express API routes available
Tue Nov 25 2025 0:30:23 } [BRANDABLE] info: Socket.io running on same port
Tue Nov 25 2025 0:30:23 } [BRANDABLE] info: SIGTERM received
Tue Nov 25 2025 0:30:23 } [BRANDABLE] info: Server running on port 5050
Tue Nov 25 2025 0:30:23 } [BRANDABLE] info: Express API routes available
Tue Nov 25 2025 0:30:23 } [BRANDABLE] info: Socket.io running on same port
Tue Nov 25 2025 0:30:23 } [BRANDABLE] info: SIGTERM received
Tue Nov 25 2025 0:30:24 } [BRANDABLE] info: Server running on port 5050
Tue Nov 25 2025 0:30:24 } [BRANDABLE] info: Express API routes available
Tue Nov 25 2025 0:30:24 } [BRANDABLE] info: Socket.io running on same port
Tue Nov 25 2025 0:30:24 } [BRANDABLE] info: SIGTERM received
Tue Nov 25 2025 0:30:25 } [BRANDABLE] info: Server running on port 5050
Tue Nov 25 2025 0:30:25 } [BRANDABLE] info: Express API routes available
Tue Nov 25 2025 0:30:25 } [BRANDABLE] info: Socket.io running on same port
Tue Nov 25 2025 0:30:26 } [BRANDABLE] info: SIGTERM received
Tue Nov 25 2025 0:30:26 } [BRANDABLE] info: Server running on port 5050
Tue Nov 25 2025 0:30:26 } [BRANDABLE] info: Express API routes available
Tue Nov 25 2025 0:30:26 } [BRANDABLE] info: Socket.io running on same port
Tue Nov 25 2025 0:30:26 } [BRANDABLE] info: SIGTERM received
Tue Nov 25 2025 0:30:27 } [BRANDABLE] info: Server running on port 5050
Tue Nov 25 2025 0:30:27 } [BRANDABLE] info: Express API routes available
Tue Nov 25 2025 0:30:27 } [BRANDABLE] info: Socket.io running on same port
Tue Nov 25 2025 0:30:27 } [BRANDABLE] info: SIGTERM received
Tue Nov 25 2025 0:30:28 } [BRANDABLE] info: Server running on port 5050
Tue Nov 25 2025 0:30:28 } [BRANDABLE] info: Express API routes available
Tue Nov 25 2025 0:30:28 } [BRANDABLE] info: Socket.io running on same port
Tue Nov 25 2025 0:30:28 } [BRANDABLE] info: SIGTERM received
Tue Nov 25 2025 0:30:28 } [BRANDABLE] info: Server running on port 5050
Tue Nov 25 2025 0:30:28 } [BRANDABLE] info: Express API routes available
Tue Nov 25 2025 0:30:28 } [BRANDABLE] info: Socket.io running on same port
Tue Nov 25 2025 0:30:29 } [BRANDABLE] info: SIGTERM received
Tue Nov 25 2025 0:30:29 } [BRANDABLE] info: Server running on port 5050
Tue Nov 25 2025 0:30:29 } [BRANDABLE] info: Express API routes available
Tue Nov 25 2025 0:30:29 } [BRANDABLE] info: Socket.io running on same port
Tue Nov 25 2025 0:30:29 } [BRANDABLE] info: SIGTERM received
Tue Nov 25 2025 0:30:30 } [BRANDABLE] info: Server running on port 5050
Tue Nov 25 2025 0:30:30 } [BRANDABLE] info: Express API routes available
Tue Nov 25 2025 0:30:30 } [BRANDABLE] info: Socket.io running on same port
Tue Nov 25 2025 0:30:30 } [BRANDABLE] info: SIGTERM received
Tue Nov 25 2025 0:30:30 } [BRANDABLE] info: Server running on port 5050
Tue Nov 25 2025 0:30:30 } [BRANDABLE] info: Express API routes available
Tue Nov 25 2025 0:30:30 } [BRANDABLE] info: Socket.io running on same port
Tue Nov 25 2025 0:30:30 } [BRANDABLE] info: SIGTERM received
Tue Nov 25 2025 0:30:31 } [BRANDABLE] info: Server running on port 5050
Tue Nov 25 2025 0:30:31 } [BRANDABLE] info: Express API routes available
Tue Nov 25 2025 0:30:31 } [BRANDABLE] info: Socket.io running on same port
Tue Nov 25 2025 0:30:33 } [BRANDABLE] info: SIGTERM received
Tue Nov 25 2025 0:30:34 } [BRANDABLE] info: Server running on port 5050
Tue Nov 25 2025 0:30:34 } [BRANDABLE] info: Express API routes available
Tue Nov 25 2025 0:30:34 } [BRANDABLE] info: Socket.io running on same port
Tue Nov 25 2025 0:30:34 } [BRANDABLE] info: SIGTERM received
Tue Nov 25 2025 0:30:35 } [BRANDABLE] info: Server running on port 5050
Tue Nov 25 2025 0:30:35 } [BRANDABLE] info: Express API routes available
Tue Nov 25 2025 0:30:35 } [BRANDABLE] info: Socket.io running on same port
Tue Nov 25 2025 0:30:36 } [BRANDABLE] info: SIGTERM received
Tue Nov 25 2025 0:30:36 } [BRANDABLE] info: Server running on port 5050
Tue Nov 25 2025 0:30:36 } [BRANDABLE] info: Express API routes available
Tue Nov 25 2025 0:30:36 } [BRANDABLE] info: Socket.io running on same port
Tue Nov 25 2025 0:30:36 } [BRANDABLE] info: SIGTERM received
Tue Nov 25 2025 0:30:36 } [BRANDABLE] info: Server running on port 5050
Tue Nov 25 2025 0:30:36 } [BRANDABLE] info: Express API routes available
Tue Nov 25 2025 0:30:36 } [BRANDABLE] info: Socket.io running on same port
Tue Nov 25 2025 0:30:37 } [BRANDABLE] info: SIGTERM received
Tue Nov 25 2025 0:30:37 } [BRANDABLE] info: Server running on port 5050
Tue Nov 25 2025 0:30:37 } [BRANDABLE] info: Express API routes available
Tue Nov 25 2025 0:30:37 } [BRANDABLE] info: Socket.io running on same port
Tue Nov 25 2025 0:30:39 } [BRANDABLE] info: SIGTERM received
Tue Nov 25 2025 0:30:39 } [BRANDABLE] info: Server running on port 5050
Tue Nov 25 2025 0:30:39 } [BRANDABLE] info: Express API routes available
Tue Nov 25 2025 0:30:39 } [BRANDABLE] info: Socket.io running on same port
Tue Nov 25 2025 0:30:39 } [BRANDABLE] info: SIGTERM received
Tue Nov 25 2025 0:30:40 } [BRANDABLE] info: Server running on port 5050
Tue Nov 25 2025 0:30:40 } [BRANDABLE] info: Express API routes available
Tue Nov 25 2025 0:30:40 } [BRANDABLE] info: Socket.io running on same port
Tue Nov 25 2025 0:30:40 } [BRANDABLE] info: SIGTERM received
Tue Nov 25 2025 0:30:40 } [BRANDABLE] info: Server running on port 5050
Tue Nov 25 2025 0:30:40 } [BRANDABLE] info: Express API routes available
Tue Nov 25 2025 0:30:40 } [BRANDABLE] info: Socket.io running on same port
Tue Nov 25 2025 0:30:41 } [BRANDABLE] info: SIGTERM received
Tue Nov 25 2025 0:30:41 } [BRANDABLE] info: Server running on port 5050
Tue Nov 25 2025 0:30:41 } [BRANDABLE] info: Express API routes available
Tue Nov 25 2025 0:30:41 } [BRANDABLE] info: Socket.io running on same port
Tue Nov 25 2025 0:30:41 } [BRANDABLE] info: SIGTERM received
Tue Nov 25 2025 0:30:41 } [BRANDABLE] info: Server running on port 5050
Tue Nov 25 2025 0:30:41 } [BRANDABLE] info: Express API routes available
Tue Nov 25 2025 0:30:41 } [BRANDABLE] info: Socket.io running on same port
Tue Nov 25 2025 0:30:50 } [BRANDABLE] info: SIGTERM received
Tue Nov 25 2025 0:30:51 } [BRANDABLE] info: Server running on port 5050
Tue Nov 25 2025 0:30:51 } [BRANDABLE] info: Express API routes available
Tue Nov 25 2025 0:30:51 } [BRANDABLE] info: Socket.io running on same port
Tue Nov 25 2025 0:31:7 } [BRANDABLE] info: SIGTERM received
Tue Nov 25 2025 0:31:8 } [BRANDABLE] info: Server running on port 5050
Tue Nov 25 2025 0:31:8 } [BRANDABLE] info: Express API routes available
Tue Nov 25 2025 0:31:8 } [BRANDABLE] info: Socket.io running on same port
Tue Nov 25 2025 0:31:33 } [BRANDABLE] info: SIGTERM received
Tue Nov 25 2025 0:31:34 } [BRANDABLE] info: Server running on port 5050
Tue Nov 25 2025 0:31:34 } [BRANDABLE] info: Express API routes available
Tue Nov 25 2025 0:31:34 } [BRANDABLE] info: Socket.io running on same port
Tue Nov 25 2025 0:32:0 } [BRANDABLE] info: SIGTERM received
Tue Nov 25 2025 0:32:0 } [BRANDABLE] info: Server running on port 5050
Tue Nov 25 2025 0:32:0 } [BRANDABLE] info: Express API routes available
Tue Nov 25 2025 0:32:0 } [BRANDABLE] info: Socket.io running on same port
Tue Nov 25 2025 0:32:1 } [BRANDABLE] info: SIGTERM received
Tue Nov 25 2025 0:32:1 } [BRANDABLE] info: Server running on port 5050
Tue Nov 25 2025 0:32:1 } [BRANDABLE] info: Express API routes available
Tue Nov 25 2025 0:32:1 } [BRANDABLE] info: Socket.io running on same port
Tue Nov 25 2025 0:32:6 } [BRANDABLE] info: SIGTERM received
Tue Nov 25 2025 0:32:6 } [BRANDABLE] info: Server running on port 5050
Tue Nov 25 2025 0:32:6 } [BRANDABLE] info: Express API routes available
Tue Nov 25 2025 0:32:6 } [BRANDABLE] info: Socket.io running on same port
Tue Nov 25 2025 0:32:8 } [BRANDABLE] info: SIGTERM received
Tue Nov 25 2025 0:32:8 } [BRANDABLE] info: Server running on port 5050
Tue Nov 25 2025 0:32:8 } [BRANDABLE] info: Express API routes available
Tue Nov 25 2025 0:32:8 } [BRANDABLE] info: Socket.io running on same port
Tue Nov 25 2025 0:32:10 } [BRANDABLE] info: SIGTERM received
Tue Nov 25 2025 0:32:10 } [BRANDABLE] info: Server running on port 5050
Tue Nov 25 2025 0:32:10 } [BRANDABLE] info: Express API routes available
Tue Nov 25 2025 0:32:10 } [BRANDABLE] info: Socket.io running on same port
Tue Nov 25 2025 0:32:13 } [BRANDABLE] info: SIGTERM received
Tue Nov 25 2025 0:32:13 } [BRANDABLE] info: Server running on port 5050
Tue Nov 25 2025 0:32:13 } [BRANDABLE] info: Express API routes available
Tue Nov 25 2025 0:32:13 } [BRANDABLE] info: Socket.io running on same port
Tue Nov 25 2025 0:32:17 } [BRANDABLE] info: SIGTERM received
Tue Nov 25 2025 0:32:17 } [BRANDABLE] info: Server running on port 5050
Tue Nov 25 2025 0:32:17 } [BRANDABLE] info: Express API routes available
Tue Nov 25 2025 0:32:17 } [BRANDABLE] info: Socket.io running on same port
Tue Nov 25 2025 0:32:17 } [BRANDABLE] info: SIGTERM received
Tue Nov 25 2025 0:32:18 } [BRANDABLE] info: Server running on port 5050
Tue Nov 25 2025 0:32:18 } [BRANDABLE] info: Express API routes available
Tue Nov 25 2025 0:32:18 } [BRANDABLE] info: Socket.io running on same port
Tue Nov 25 2025 0:32:18 } [BRANDABLE] info: SIGTERM received
Tue Nov 25 2025 0:32:19 } [BRANDABLE] info: Server running on port 5050
Tue Nov 25 2025 0:32:19 } [BRANDABLE] info: Express API routes available
Tue Nov 25 2025 0:32:19 } [BRANDABLE] info: Socket.io running on same port
Tue Nov 25 2025 0:32:52 } [BRANDABLE] info: SIGTERM received
Tue Nov 25 2025 0:32:53 } [BRANDABLE] info: Server running on port 5050
Tue Nov 25 2025 0:32:53 } [BRANDABLE] info: Express API routes available
Tue Nov 25 2025 0:32:53 } [BRANDABLE] info: Socket.io running on same port
Tue Nov 25 2025 0:32:53 } [BRANDABLE] info: SIGTERM received
Tue Nov 25 2025 0:32:53 } [BRANDABLE] info: Server running on port 5050
Tue Nov 25 2025 0:32:53 } [BRANDABLE] info: Express API routes available
Tue Nov 25 2025 0:32:53 } [BRANDABLE] info: Socket.io running on same port
Tue Nov 25 2025 0:32:53 } [BRANDABLE] info: SIGTERM received
Tue Nov 25 2025 0:32:54 } [BRANDABLE] info: Server running on port 5050
Tue Nov 25 2025 0:32:54 } [BRANDABLE] info: Express API routes available
Tue Nov 25 2025 0:32:54 } [BRANDABLE] info: Socket.io running on same port
