Sun Feb 01 2026 23:2:21 } [BRANDABLE] info: SIGTERM received
Sun Feb 01 2026 23:4:14 } [BRANDABLE] info: HTTP server closed
Sun Feb 01 2026 23:5:16 } [BRANDABLE] info: Server running on port 5050
Sun Feb 01 2026 23:5:16 } [BRANDABLE] info: Express API routes available
Sun Feb 01 2026 23:5:16 } [BRANDABLE] info: Socket.io running on same port
Sun Feb 01 2026 23:5:29 } [BRANDABLE] info: SIGTERM received
Sun Feb 01 2026 23:6:1 } [BRANDABLE] info: Server running on port 5050
Sun Feb 01 2026 23:6:1 } [BRANDABLE] info: Express API routes available
Sun Feb 01 2026 23:6:1 } [BRANDABLE] info: Socket.io running on same port
Sun Feb 01 2026 23:6:3 } [BRANDABLE] info: SIGTERM received
Sun Feb 01 2026 23:6:3 } [BRANDABLE] info: Server running on port 5050
Sun Feb 01 2026 23:6:3 } [BRANDABLE] info: Express API routes available
Sun Feb 01 2026 23:6:3 } [BRANDABLE] info: Socket.io running on same port
Sun Feb 01 2026 23:6:4 } [BRANDABLE] info: SIGTERM received
Sun Feb 01 2026 23:6:5 } [BRANDABLE] info: Server running on port 5050
Sun Feb 01 2026 23:6:5 } [BRANDABLE] info: Express API routes available
Sun Feb 01 2026 23:6:5 } [BRANDABLE] info: Socket.io running on same port
Sun Feb 01 2026 23:6:5 } [BRANDABLE] info: SIGTERM received
Sun Feb 01 2026 23:6:5 } [BRANDABLE] info: Server running on port 5050
Sun Feb 01 2026 23:6:5 } [BRANDABLE] info: Express API routes available
Sun Feb 01 2026 23:6:5 } [BRANDABLE] info: Socket.io running on same port
Sun Feb 01 2026 23:6:6 } [BRANDABLE] info: SIGTERM received
Sun Feb 01 2026 23:6:6 } [BRANDABLE] info: Server running on port 5050
Sun Feb 01 2026 23:6:6 } [BRANDABLE] info: Express API routes available
Sun Feb 01 2026 23:6:6 } [BRANDABLE] info: Socket.io running on same port
Sun Feb 01 2026 23:6:7 } [BRANDABLE] info: SIGTERM received
Sun Feb 01 2026 23:6:8 } [BRANDABLE] info: Server running on port 5050
Sun Feb 01 2026 23:6:8 } [BRANDABLE] info: Express API routes available
Sun Feb 01 2026 23:6:8 } [BRANDABLE] info: Socket.io running on same port
Sun Feb 01 2026 23:6:9 } [BRANDABLE] info: SIGTERM received
Sun Feb 01 2026 23:6:9 } [BRANDABLE] info: Server running on port 5050
Sun Feb 01 2026 23:6:9 } [BRANDABLE] info: Express API routes available
Sun Feb 01 2026 23:6:9 } [BRANDABLE] info: Socket.io running on same port
Sun Feb 01 2026 23:6:10 } [BRANDABLE] info: SIGTERM received
Sun Feb 01 2026 23:6:11 } [BRANDABLE] info: Server running on port 5050
Sun Feb 01 2026 23:6:11 } [BRANDABLE] info: Express API routes available
Sun Feb 01 2026 23:6:11 } [BRANDABLE] info: Socket.io running on same port
Sun Feb 01 2026 23:6:12 } [BRANDABLE] info: SIGTERM received
Sun Feb 01 2026 23:6:13 } [BRANDABLE] info: Server running on port 5050
Sun Feb 01 2026 23:6:13 } [BRANDABLE] info: Express API routes available
Sun Feb 01 2026 23:6:13 } [BRANDABLE] info: Socket.io running on same port
Sun Feb 01 2026 23:6:13 } [BRANDABLE] info: SIGTERM received
Sun Feb 01 2026 23:6:46 } [BRANDABLE] info: Server running on port 5050
Sun Feb 01 2026 23:6:46 } [BRANDABLE] info: Express API routes available
Sun Feb 01 2026 23:6:46 } [BRANDABLE] info: Socket.io running on same port
Sun Feb 01 2026 23:6:49 } [BRANDABLE] info: SIGTERM received
Sun Feb 01 2026 23:6:49 } [BRANDABLE] info: Server running on port 5050
Sun Feb 01 2026 23:6:49 } [BRANDABLE] info: Express API routes available
Sun Feb 01 2026 23:6:49 } [BRANDABLE] info: Socket.io running on same port
Sun Feb 01 2026 23:6:51 } [BRANDABLE] info: SIGTERM received
Sun Feb 01 2026 23:6:51 } [BRANDABLE] info: Server running on port 5050
Sun Feb 01 2026 23:6:51 } [BRANDABLE] info: Express API routes available
Sun Feb 01 2026 23:6:51 } [BRANDABLE] info: Socket.io running on same port
Sun Feb 01 2026 23:6:52 } [BRANDABLE] info: SIGTERM received
Sun Feb 01 2026 23:6:52 } [BRANDABLE] info: Server running on port 5050
Sun Feb 01 2026 23:6:52 } [BRANDABLE] info: Express API routes available
Sun Feb 01 2026 23:6:52 } [BRANDABLE] info: Socket.io running on same port
Sun Feb 01 2026 23:6:53 } [BRANDABLE] info: SIGTERM received
Sun Feb 01 2026 23:6:53 } [BRANDABLE] info: Server running on port 5050
Sun Feb 01 2026 23:6:53 } [BRANDABLE] info: Express API routes available
Sun Feb 01 2026 23:6:53 } [BRANDABLE] info: Socket.io running on same port
Sun Feb 01 2026 23:6:54 } [BRANDABLE] info: SIGTERM received
Sun Feb 01 2026 23:6:54 } [BRANDABLE] info: Server running on port 5050
Sun Feb 01 2026 23:6:54 } [BRANDABLE] info: Express API routes available
Sun Feb 01 2026 23:6:54 } [BRANDABLE] info: Socket.io running on same port
Sun Feb 01 2026 23:7:2 } [BRANDABLE] info: SIGTERM received
Sun Feb 01 2026 23:7:2 } [BRANDABLE] info: Server running on port 5050
Sun Feb 01 2026 23:7:2 } [BRANDABLE] info: Express API routes available
Sun Feb 01 2026 23:7:2 } [BRANDABLE] info: Socket.io running on same port
Sun Feb 01 2026 23:7:8 } [BRANDABLE] info: SIGTERM received
Sun Feb 01 2026 23:7:8 } [BRANDABLE] info: Server running on port 5050
Sun Feb 01 2026 23:7:8 } [BRANDABLE] info: Express API routes available
Sun Feb 01 2026 23:7:8 } [BRANDABLE] info: Socket.io running on same port
Sun Feb 01 2026 23:7:9 } [BRANDABLE] info: SIGTERM received
Sun Feb 01 2026 23:7:9 } [BRANDABLE] info: Server running on port 5050
Sun Feb 01 2026 23:7:9 } [BRANDABLE] info: Express API routes available
Sun Feb 01 2026 23:7:9 } [BRANDABLE] info: Socket.io running on same port
Sun Feb 01 2026 23:7:11 } [BRANDABLE] info: SIGTERM received
Sun Feb 01 2026 23:7:11 } [BRANDABLE] info: Server running on port 5050
Sun Feb 01 2026 23:7:11 } [BRANDABLE] info: Express API routes available
Sun Feb 01 2026 23:7:11 } [BRANDABLE] info: Socket.io running on same port
Sun Feb 01 2026 23:7:12 } [BRANDABLE] info: SIGTERM received
Sun Feb 01 2026 23:7:12 } [BRANDABLE] info: Server running on port 5050
Sun Feb 01 2026 23:7:12 } [BRANDABLE] info: Express API routes available
Sun Feb 01 2026 23:7:12 } [BRANDABLE] info: Socket.io running on same port
Sun Feb 01 2026 23:7:13 } [BRANDABLE] info: SIGTERM received
Sun Feb 01 2026 23:7:15 } [BRANDABLE] info: Server running on port 5050
Sun Feb 01 2026 23:7:15 } [BRANDABLE] info: Express API routes available
Sun Feb 01 2026 23:7:15 } [BRANDABLE] info: Socket.io running on same port
Sun Feb 01 2026 23:7:44 } [BRANDABLE] info: SIGTERM received
Sun Feb 01 2026 23:7:44 } [BRANDABLE] info: Server running on port 5050
Sun Feb 01 2026 23:7:44 } [BRANDABLE] info: Express API routes available
Sun Feb 01 2026 23:7:44 } [BRANDABLE] info: Socket.io running on same port
Sun Feb 01 2026 23:7:58 } [BRANDABLE] info: SIGTERM received
Sun Feb 01 2026 23:7:58 } [BRANDABLE] info: Server running on port 5050
Sun Feb 01 2026 23:7:58 } [BRANDABLE] info: Express API routes available
Sun Feb 01 2026 23:7:58 } [BRANDABLE] info: Socket.io running on same port
Sun Feb 01 2026 23:8:14 } [BRANDABLE] info: SIGTERM received
Sun Feb 01 2026 23:8:14 } [BRANDABLE] info: Server running on port 5050
Sun Feb 01 2026 23:8:14 } [BRANDABLE] info: Express API routes available
Sun Feb 01 2026 23:8:14 } [BRANDABLE] info: Socket.io running on same port
Sun Feb 01 2026 23:8:19 } [BRANDABLE] info: SIGTERM received
Sun Feb 01 2026 23:8:20 } [BRANDABLE] info: Server running on port 5050
Sun Feb 01 2026 23:8:20 } [BRANDABLE] info: Express API routes available
Sun Feb 01 2026 23:8:20 } [BRANDABLE] info: Socket.io running on same port
Sun Feb 01 2026 23:8:25 } [BRANDABLE] info: SIGTERM received
Sun Feb 01 2026 23:8:26 } [BRANDABLE] info: Server running on port 5050
Sun Feb 01 2026 23:8:26 } [BRANDABLE] info: Express API routes available
Sun Feb 01 2026 23:8:26 } [BRANDABLE] info: Socket.io running on same port
Sun Feb 01 2026 23:8:26 } [BRANDABLE] info: SIGTERM received
Sun Feb 01 2026 23:8:26 } [BRANDABLE] info: Server running on port 5050
Sun Feb 01 2026 23:8:26 } [BRANDABLE] info: Express API routes available
Sun Feb 01 2026 23:8:26 } [BRANDABLE] info: Socket.io running on same port
Sun Feb 01 2026 23:8:27 } [BRANDABLE] info: SIGTERM received
Sun Feb 01 2026 23:8:27 } [BRANDABLE] info: Server running on port 5050
Sun Feb 01 2026 23:8:27 } [BRANDABLE] info: Express API routes available
Sun Feb 01 2026 23:8:27 } [BRANDABLE] info: Socket.io running on same port
Sun Feb 01 2026 23:8:29 } [BRANDABLE] info: SIGTERM received
Sun Feb 01 2026 23:8:29 } [BRANDABLE] info: Server running on port 5050
Sun Feb 01 2026 23:8:29 } [BRANDABLE] info: Express API routes available
Sun Feb 01 2026 23:8:29 } [BRANDABLE] info: Socket.io running on same port
Sun Feb 01 2026 23:8:30 } [BRANDABLE] info: SIGTERM received
Sun Feb 01 2026 23:10:9 } [BRANDABLE] info: Server running on port 5050
Sun Feb 01 2026 23:10:9 } [BRANDABLE] info: Express API routes available
Sun Feb 01 2026 23:10:9 } [BRANDABLE] info: Socket.io running on same port
Sun Feb 01 2026 23:10:11 } [BRANDABLE] info: SIGTERM received
Sun Feb 01 2026 23:10:11 } [BRANDABLE] info: Server running on port 5050
Sun Feb 01 2026 23:10:11 } [BRANDABLE] info: Express API routes available
Sun Feb 01 2026 23:10:11 } [BRANDABLE] info: Socket.io running on same port
Sun Feb 01 2026 23:10:20 } [BRANDABLE] info: SIGTERM received
Sun Feb 01 2026 23:10:20 } [BRANDABLE] info: Server running on port 5050
Sun Feb 01 2026 23:10:20 } [BRANDABLE] info: Express API routes available
Sun Feb 01 2026 23:10:20 } [BRANDABLE] info: Socket.io running on same port
Sun Feb 01 2026 23:10:24 } [BRANDABLE] info: SIGTERM received
Sun Feb 01 2026 23:10:24 } [BRANDABLE] info: Server running on port 5050
Sun Feb 01 2026 23:10:24 } [BRANDABLE] info: Express API routes available
Sun Feb 01 2026 23:10:24 } [BRANDABLE] info: Socket.io running on same port
Sun Feb 01 2026 23:10:29 } [BRANDABLE] info: SIGTERM received
Sun Feb 01 2026 23:10:29 } [BRANDABLE] info: Server running on port 5050
Sun Feb 01 2026 23:10:29 } [BRANDABLE] info: Express API routes available
Sun Feb 01 2026 23:10:29 } [BRANDABLE] info: Socket.io running on same port
Sun Feb 01 2026 23:24:32 } [BRANDABLE] info: Server running on port 5050
Sun Feb 01 2026 23:24:32 } [BRANDABLE] info: Express API routes available
Sun Feb 01 2026 23:24:32 } [BRANDABLE] info: Socket.io running on same port
Sun Feb 01 2026 23:26:15 } [BRANDABLE] info: SIGTERM received
Sun Feb 01 2026 23:26:15 } [BRANDABLE] info: Server running on port 5050
Sun Feb 01 2026 23:26:15 } [BRANDABLE] info: Express API routes available
Sun Feb 01 2026 23:26:15 } [BRANDABLE] info: Socket.io running on same port
Sun Feb 01 2026 23:26:16 } [BRANDABLE] info: SIGTERM received
Sun Feb 01 2026 23:26:16 } [BRANDABLE] info: Server running on port 5050
Sun Feb 01 2026 23:26:16 } [BRANDABLE] info: Express API routes available
Sun Feb 01 2026 23:26:16 } [BRANDABLE] info: Socket.io running on same port
Sun Feb 01 2026 23:26:20 } [BRANDABLE] info: Server running on port 5050
Sun Feb 01 2026 23:26:20 } [BRANDABLE] info: Express API routes available
Sun Feb 01 2026 23:26:20 } [BRANDABLE] info: Socket.io running on same port
Sun Feb 01 2026 23:26:20 } [BRANDABLE] info: SIGTERM received
Sun Feb 01 2026 23:26:21 } [BRANDABLE] info: Server running on port 5050
Sun Feb 01 2026 23:26:21 } [BRANDABLE] info: Express API routes available
Sun Feb 01 2026 23:26:21 } [BRANDABLE] info: Socket.io running on same port
Sun Feb 01 2026 23:26:21 } [BRANDABLE] info: SIGTERM received
Sun Feb 01 2026 23:26:22 } [BRANDABLE] info: Server running on port 5050
Sun Feb 01 2026 23:26:22 } [BRANDABLE] info: Express API routes available
Sun Feb 01 2026 23:26:22 } [BRANDABLE] info: Socket.io running on same port
Sun Feb 01 2026 23:26:22 } [BRANDABLE] info: SIGTERM received
Sun Feb 01 2026 23:26:23 } [BRANDABLE] info: Server running on port 5050
Sun Feb 01 2026 23:26:23 } [BRANDABLE] info: Express API routes available
Sun Feb 01 2026 23:26:23 } [BRANDABLE] info: Socket.io running on same port
Sun Feb 01 2026 23:26:24 } [BRANDABLE] info: SIGTERM received
Sun Feb 01 2026 23:26:24 } [BRANDABLE] info: Server running on port 5050
Sun Feb 01 2026 23:26:24 } [BRANDABLE] info: Express API routes available
Sun Feb 01 2026 23:26:24 } [BRANDABLE] info: Socket.io running on same port
Sun Feb 01 2026 23:26:24 } [BRANDABLE] info: SIGTERM received
Sun Feb 01 2026 23:26:25 } [BRANDABLE] info: Server running on port 5050
Sun Feb 01 2026 23:26:25 } [BRANDABLE] info: Express API routes available
Sun Feb 01 2026 23:26:25 } [BRANDABLE] info: Socket.io running on same port
Sun Feb 01 2026 23:26:25 } [BRANDABLE] info: SIGTERM received
Sun Feb 01 2026 23:26:25 } [BRANDABLE] info: Server running on port 5050
Sun Feb 01 2026 23:26:25 } [BRANDABLE] info: Express API routes available
Sun Feb 01 2026 23:26:25 } [BRANDABLE] info: Socket.io running on same port
Sun Feb 01 2026 23:26:25 } [BRANDABLE] info: SIGTERM received
Sun Feb 01 2026 23:26:25 } [BRANDABLE] info: Server running on port 5050
Sun Feb 01 2026 23:26:25 } [BRANDABLE] info: Express API routes available
Sun Feb 01 2026 23:26:25 } [BRANDABLE] info: Socket.io running on same port
Sun Feb 01 2026 23:26:26 } [BRANDABLE] info: SIGTERM received
Sun Feb 01 2026 23:26:27 } [BRANDABLE] info: Server running on port 5050
Sun Feb 01 2026 23:26:27 } [BRANDABLE] info: Express API routes available
Sun Feb 01 2026 23:26:27 } [BRANDABLE] info: Socket.io running on same port
Sun Feb 01 2026 23:26:27 } [BRANDABLE] info: SIGTERM received
Sun Feb 01 2026 23:26:28 } [BRANDABLE] info: Server running on port 5050
Sun Feb 01 2026 23:26:28 } [BRANDABLE] info: Express API routes available
Sun Feb 01 2026 23:26:28 } [BRANDABLE] info: Socket.io running on same port
Sun Feb 01 2026 23:26:32 } [BRANDABLE] info: SIGTERM received
Sun Feb 01 2026 23:26:32 } [BRANDABLE] info: Server running on port 5050
Sun Feb 01 2026 23:26:32 } [BRANDABLE] info: Express API routes available
Sun Feb 01 2026 23:26:32 } [BRANDABLE] info: Socket.io running on same port
Sun Feb 01 2026 23:26:32 } [BRANDABLE] info: SIGTERM received
Sun Feb 01 2026 23:26:32 } [BRANDABLE] info: Server running on port 5050
Sun Feb 01 2026 23:26:32 } [BRANDABLE] info: Express API routes available
Sun Feb 01 2026 23:26:32 } [BRANDABLE] info: Socket.io running on same port
Sun Feb 01 2026 23:26:33 } [BRANDABLE] info: SIGTERM received
Sun Feb 01 2026 23:26:33 } [BRANDABLE] info: Server running on port 5050
Sun Feb 01 2026 23:26:33 } [BRANDABLE] info: Express API routes available
Sun Feb 01 2026 23:26:33 } [BRANDABLE] info: Socket.io running on same port
Sun Feb 01 2026 23:26:36 } [BRANDABLE] info: SIGTERM received
Sun Feb 01 2026 23:26:36 } [BRANDABLE] info: Server running on port 5050
Sun Feb 01 2026 23:26:36 } [BRANDABLE] info: Express API routes available
Sun Feb 01 2026 23:26:36 } [BRANDABLE] info: Socket.io running on same port
Sun Feb 01 2026 23:26:36 } [BRANDABLE] info: SIGTERM received
Sun Feb 01 2026 23:26:36 } [BRANDABLE] info: Server running on port 5050
Sun Feb 01 2026 23:26:36 } [BRANDABLE] info: Express API routes available
Sun Feb 01 2026 23:26:36 } [BRANDABLE] info: Socket.io running on same port
Sun Feb 01 2026 23:26:38 } [BRANDABLE] info: SIGTERM received
Sun Feb 01 2026 23:26:39 } [BRANDABLE] info: Server running on port 5050
Sun Feb 01 2026 23:26:39 } [BRANDABLE] info: Express API routes available
Sun Feb 01 2026 23:26:39 } [BRANDABLE] info: Socket.io running on same port
Sun Feb 01 2026 23:26:41 } [BRANDABLE] info: SIGTERM received
Sun Feb 01 2026 23:26:42 } [BRANDABLE] info: Server running on port 5050
Sun Feb 01 2026 23:26:42 } [BRANDABLE] info: Express API routes available
Sun Feb 01 2026 23:26:42 } [BRANDABLE] info: Socket.io running on same port
Sun Feb 01 2026 23:26:43 } [BRANDABLE] info: SIGTERM received
Sun Feb 01 2026 23:26:43 } [BRANDABLE] info: Server running on port 5050
Sun Feb 01 2026 23:26:43 } [BRANDABLE] info: Express API routes available
Sun Feb 01 2026 23:26:43 } [BRANDABLE] info: Socket.io running on same port
Sun Feb 01 2026 23:26:45 } [BRANDABLE] info: SIGTERM received
Sun Feb 01 2026 23:26:45 } [BRANDABLE] info: Server running on port 5050
Sun Feb 01 2026 23:26:45 } [BRANDABLE] info: Express API routes available
Sun Feb 01 2026 23:26:45 } [BRANDABLE] info: Socket.io running on same port
Sun Feb 01 2026 23:26:49 } [BRANDABLE] info: SIGTERM received
Sun Feb 01 2026 23:26:49 } [BRANDABLE] info: Server running on port 5050
Sun Feb 01 2026 23:26:49 } [BRANDABLE] info: Express API routes available
Sun Feb 01 2026 23:26:49 } [BRANDABLE] info: Socket.io running on same port
Sun Feb 01 2026 23:26:50 } [BRANDABLE] info: SIGTERM received
Sun Feb 01 2026 23:26:50 } [BRANDABLE] info: Server running on port 5050
Sun Feb 01 2026 23:26:50 } [BRANDABLE] info: Express API routes available
Sun Feb 01 2026 23:26:50 } [BRANDABLE] info: Socket.io running on same port
Sun Feb 01 2026 23:26:51 } [BRANDABLE] info: SIGTERM received
Sun Feb 01 2026 23:26:51 } [BRANDABLE] info: Server running on port 5050
Sun Feb 01 2026 23:26:51 } [BRANDABLE] info: Express API routes available
Sun Feb 01 2026 23:26:51 } [BRANDABLE] info: Socket.io running on same port
Sun Feb 01 2026 23:27:10 } [BRANDABLE] info: SIGTERM received
Sun Feb 01 2026 23:27:11 } [BRANDABLE] info: Server running on port 5050
Sun Feb 01 2026 23:27:11 } [BRANDABLE] info: Express API routes available
Sun Feb 01 2026 23:27:11 } [BRANDABLE] info: Socket.io running on same port
Sun Feb 01 2026 23:27:11 } [BRANDABLE] info: SIGTERM received
Sun Feb 01 2026 23:27:12 } [BRANDABLE] info: Server running on port 5050
Sun Feb 01 2026 23:27:12 } [BRANDABLE] info: Express API routes available
Sun Feb 01 2026 23:27:12 } [BRANDABLE] info: Socket.io running on same port
Sun Feb 01 2026 23:27:12 } [BRANDABLE] info: SIGTERM received
Sun Feb 01 2026 23:27:12 } [BRANDABLE] info: Server running on port 5050
Sun Feb 01 2026 23:27:12 } [BRANDABLE] info: Express API routes available
Sun Feb 01 2026 23:27:12 } [BRANDABLE] info: Socket.io running on same port
Sun Feb 01 2026 23:27:12 } [BRANDABLE] info: SIGTERM received
Sun Feb 01 2026 23:27:13 } [BRANDABLE] info: Server running on port 5050
Sun Feb 01 2026 23:27:13 } [BRANDABLE] info: Express API routes available
Sun Feb 01 2026 23:27:13 } [BRANDABLE] info: Socket.io running on same port
Sun Feb 01 2026 23:27:13 } [BRANDABLE] info: SIGTERM received
Sun Feb 01 2026 23:27:13 } [BRANDABLE] info: Server running on port 5050
Sun Feb 01 2026 23:27:13 } [BRANDABLE] info: Express API routes available
Sun Feb 01 2026 23:27:13 } [BRANDABLE] info: Socket.io running on same port
Sun Feb 01 2026 23:27:13 } [BRANDABLE] info: SIGTERM received
Sun Feb 01 2026 23:27:14 } [BRANDABLE] info: Server running on port 5050
Sun Feb 01 2026 23:27:14 } [BRANDABLE] info: Express API routes available
Sun Feb 01 2026 23:27:14 } [BRANDABLE] info: Socket.io running on same port
Sun Feb 01 2026 23:27:14 } [BRANDABLE] info: SIGTERM received
Sun Feb 01 2026 23:27:14 } [BRANDABLE] info: Server running on port 5050
Sun Feb 01 2026 23:27:14 } [BRANDABLE] info: Express API routes available
Sun Feb 01 2026 23:27:14 } [BRANDABLE] info: Socket.io running on same port
Sun Feb 01 2026 23:27:14 } [BRANDABLE] info: SIGTERM received
Sun Feb 01 2026 23:27:14 } [BRANDABLE] info: Server running on port 5050
Sun Feb 01 2026 23:27:14 } [BRANDABLE] info: Express API routes available
Sun Feb 01 2026 23:27:14 } [BRANDABLE] info: Socket.io running on same port
Sun Feb 01 2026 23:27:28 } [BRANDABLE] info: SIGTERM received
Sun Feb 01 2026 23:27:28 } [BRANDABLE] info: Server running on port 5050
Sun Feb 01 2026 23:27:28 } [BRANDABLE] info: Express API routes available
Sun Feb 01 2026 23:27:28 } [BRANDABLE] info: Socket.io running on same port
Sun Feb 01 2026 23:27:32 } [BRANDABLE] info: SIGTERM received
Sun Feb 01 2026 23:27:33 } [BRANDABLE] info: Server running on port 5050
Sun Feb 01 2026 23:27:33 } [BRANDABLE] info: Express API routes available
Sun Feb 01 2026 23:27:33 } [BRANDABLE] info: Socket.io running on same port
Sun Feb 01 2026 23:27:33 } [BRANDABLE] info: SIGTERM received
Sun Feb 01 2026 23:27:34 } [BRANDABLE] info: Server running on port 5050
Sun Feb 01 2026 23:27:34 } [BRANDABLE] info: Express API routes available
Sun Feb 01 2026 23:27:34 } [BRANDABLE] info: Socket.io running on same port
Sun Feb 01 2026 23:28:14 } [BRANDABLE] info: SIGTERM received
Sun Feb 01 2026 23:28:16 } [BRANDABLE] info: Server running on port 5050
Sun Feb 01 2026 23:28:16 } [BRANDABLE] info: Express API routes available
Sun Feb 01 2026 23:28:16 } [BRANDABLE] info: Socket.io running on same port
Sun Feb 01 2026 23:28:17 } [BRANDABLE] info: SIGTERM received
Sun Feb 01 2026 23:28:17 } [BRANDABLE] info: Server running on port 5050
Sun Feb 01 2026 23:28:17 } [BRANDABLE] info: Express API routes available
Sun Feb 01 2026 23:28:17 } [BRANDABLE] info: Socket.io running on same port
Sun Feb 01 2026 23:28:19 } [BRANDABLE] info: SIGTERM received
Sun Feb 01 2026 23:28:20 } [BRANDABLE] info: Server running on port 5050
Sun Feb 01 2026 23:28:20 } [BRANDABLE] info: Express API routes available
Sun Feb 01 2026 23:28:20 } [BRANDABLE] info: Socket.io running on same port
Sun Feb 01 2026 23:28:20 } [BRANDABLE] info: SIGTERM received
Sun Feb 01 2026 23:28:22 } [BRANDABLE] info: Server running on port 5050
Sun Feb 01 2026 23:28:22 } [BRANDABLE] info: Express API routes available
Sun Feb 01 2026 23:28:22 } [BRANDABLE] info: Socket.io running on same port
Sun Feb 01 2026 23:28:22 } [BRANDABLE] info: SIGTERM received
Sun Feb 01 2026 23:28:22 } [BRANDABLE] info: Server running on port 5050
Sun Feb 01 2026 23:28:22 } [BRANDABLE] info: Express API routes available
Sun Feb 01 2026 23:28:22 } [BRANDABLE] info: Socket.io running on same port
Sun Feb 01 2026 23:28:23 } [BRANDABLE] info: SIGTERM received
Sun Feb 01 2026 23:28:24 } [BRANDABLE] info: Server running on port 5050
Sun Feb 01 2026 23:28:24 } [BRANDABLE] info: Express API routes available
Sun Feb 01 2026 23:28:24 } [BRANDABLE] info: Socket.io running on same port
Sun Feb 01 2026 23:28:24 } [BRANDABLE] info: SIGTERM received
Sun Feb 01 2026 23:28:24 } [BRANDABLE] info: Server running on port 5050
Sun Feb 01 2026 23:28:24 } [BRANDABLE] info: Express API routes available
Sun Feb 01 2026 23:28:24 } [BRANDABLE] info: Socket.io running on same port
Sun Feb 01 2026 23:28:24 } [BRANDABLE] info: SIGTERM received
Sun Feb 01 2026 23:28:24 } [BRANDABLE] info: Server running on port 5050
Sun Feb 01 2026 23:28:24 } [BRANDABLE] info: Express API routes available
Sun Feb 01 2026 23:28:24 } [BRANDABLE] info: Socket.io running on same port
Sun Feb 01 2026 23:28:25 } [BRANDABLE] info: SIGTERM received
Sun Feb 01 2026 23:28:25 } [BRANDABLE] info: Server running on port 5050
Sun Feb 01 2026 23:28:25 } [BRANDABLE] info: Express API routes available
Sun Feb 01 2026 23:28:25 } [BRANDABLE] info: Socket.io running on same port
Sun Feb 01 2026 23:28:25 } [BRANDABLE] info: SIGTERM received
Sun Feb 01 2026 23:28:25 } [BRANDABLE] info: Server running on port 5050
Sun Feb 01 2026 23:28:25 } [BRANDABLE] info: Express API routes available
Sun Feb 01 2026 23:28:25 } [BRANDABLE] info: Socket.io running on same port
Sun Feb 01 2026 23:28:27 } [BRANDABLE] info: SIGTERM received
Sun Feb 01 2026 23:28:27 } [BRANDABLE] info: Server running on port 5050
Sun Feb 01 2026 23:28:27 } [BRANDABLE] info: Express API routes available
Sun Feb 01 2026 23:28:27 } [BRANDABLE] info: Socket.io running on same port
Sun Feb 01 2026 23:28:28 } [BRANDABLE] info: SIGTERM received
Sun Feb 01 2026 23:28:28 } [BRANDABLE] info: Server running on port 5050
Sun Feb 01 2026 23:28:28 } [BRANDABLE] info: Express API routes available
Sun Feb 01 2026 23:28:28 } [BRANDABLE] info: Socket.io running on same port
Sun Feb 01 2026 23:28:29 } [BRANDABLE] info: SIGTERM received
Sun Feb 01 2026 23:28:30 } [BRANDABLE] info: Server running on port 5050
Sun Feb 01 2026 23:28:30 } [BRANDABLE] info: Express API routes available
Sun Feb 01 2026 23:28:30 } [BRANDABLE] info: Socket.io running on same port
Sun Feb 01 2026 23:28:34 } [BRANDABLE] info: SIGTERM received
Sun Feb 01 2026 23:28:34 } [BRANDABLE] info: Server running on port 5050
Sun Feb 01 2026 23:28:34 } [BRANDABLE] info: Express API routes available
Sun Feb 01 2026 23:28:34 } [BRANDABLE] info: Socket.io running on same port
Sun Feb 01 2026 23:28:35 } [BRANDABLE] info: SIGTERM received
Sun Feb 01 2026 23:28:35 } [BRANDABLE] info: Server running on port 5050
Sun Feb 01 2026 23:28:35 } [BRANDABLE] info: Express API routes available
Sun Feb 01 2026 23:28:35 } [BRANDABLE] info: Socket.io running on same port
Sun Feb 01 2026 23:28:37 } [BRANDABLE] info: SIGTERM received
Sun Feb 01 2026 23:28:37 } [BRANDABLE] info: Server running on port 5050
Sun Feb 01 2026 23:28:37 } [BRANDABLE] info: Express API routes available
Sun Feb 01 2026 23:28:37 } [BRANDABLE] info: Socket.io running on same port
Sun Feb 01 2026 23:29:42 } [BRANDABLE] info: SIGTERM received
Sun Feb 01 2026 23:29:42 } [BRANDABLE] info: Server running on port 5050
Sun Feb 01 2026 23:29:42 } [BRANDABLE] info: Express API routes available
Sun Feb 01 2026 23:29:42 } [BRANDABLE] info: Socket.io running on same port
Sun Feb 01 2026 23:29:42 } [BRANDABLE] info: SIGTERM received
Sun Feb 01 2026 23:29:43 } [BRANDABLE] info: Server running on port 5050
Sun Feb 01 2026 23:29:43 } [BRANDABLE] info: Express API routes available
Sun Feb 01 2026 23:29:43 } [BRANDABLE] info: Socket.io running on same port
Sun Feb 01 2026 23:29:43 } [BRANDABLE] info: SIGTERM received
Sun Feb 01 2026 23:29:44 } [BRANDABLE] info: Server running on port 5050
Sun Feb 01 2026 23:29:44 } [BRANDABLE] info: Express API routes available
Sun Feb 01 2026 23:29:44 } [BRANDABLE] info: Socket.io running on same port
Sun Feb 01 2026 23:29:45 } [BRANDABLE] info: SIGTERM received
Sun Feb 01 2026 23:29:45 } [BRANDABLE] info: Server running on port 5050
Sun Feb 01 2026 23:29:45 } [BRANDABLE] info: Express API routes available
Sun Feb 01 2026 23:29:45 } [BRANDABLE] info: Socket.io running on same port
Sun Feb 01 2026 23:29:45 } [BRANDABLE] info: SIGTERM received
Sun Feb 01 2026 23:29:45 } [BRANDABLE] info: Server running on port 5050
Sun Feb 01 2026 23:29:45 } [BRANDABLE] info: Express API routes available
Sun Feb 01 2026 23:29:45 } [BRANDABLE] info: Socket.io running on same port
Sun Feb 01 2026 23:29:45 } [BRANDABLE] info: SIGTERM received
Sun Feb 01 2026 23:29:45 } [BRANDABLE] info: Server running on port 5050
Sun Feb 01 2026 23:29:45 } [BRANDABLE] info: Express API routes available
Sun Feb 01 2026 23:29:45 } [BRANDABLE] info: Socket.io running on same port
Sun Feb 01 2026 23:29:45 } [BRANDABLE] info: SIGTERM received
Sun Feb 01 2026 23:29:46 } [BRANDABLE] info: Server running on port 5050
Sun Feb 01 2026 23:29:46 } [BRANDABLE] info: Express API routes available
Sun Feb 01 2026 23:29:46 } [BRANDABLE] info: Socket.io running on same port
Sun Feb 01 2026 23:29:46 } [BRANDABLE] info: SIGTERM received
Sun Feb 01 2026 23:29:46 } [BRANDABLE] info: Server running on port 5050
Sun Feb 01 2026 23:29:46 } [BRANDABLE] info: Express API routes available
Sun Feb 01 2026 23:29:46 } [BRANDABLE] info: Socket.io running on same port
Sun Feb 01 2026 23:29:46 } [BRANDABLE] info: SIGTERM received
Sun Feb 01 2026 23:29:46 } [BRANDABLE] info: Server running on port 5050
Sun Feb 01 2026 23:29:46 } [BRANDABLE] info: Express API routes available
Sun Feb 01 2026 23:29:46 } [BRANDABLE] info: Socket.io running on same port
Sun Feb 01 2026 23:29:47 } [BRANDABLE] info: SIGTERM received
Sun Feb 01 2026 23:29:47 } [BRANDABLE] info: Server running on port 5050
Sun Feb 01 2026 23:29:47 } [BRANDABLE] info: Express API routes available
Sun Feb 01 2026 23:29:47 } [BRANDABLE] info: Socket.io running on same port
Sun Feb 01 2026 23:29:54 } [BRANDABLE] info: SIGTERM received
Sun Feb 01 2026 23:29:54 } [BRANDABLE] info: Server running on port 5050
Sun Feb 01 2026 23:29:54 } [BRANDABLE] info: Express API routes available
Sun Feb 01 2026 23:29:54 } [BRANDABLE] info: Socket.io running on same port
Sun Feb 01 2026 23:29:56 } [BRANDABLE] info: SIGTERM received
Sun Feb 01 2026 23:29:56 } [BRANDABLE] info: Server running on port 5050
Sun Feb 01 2026 23:29:56 } [BRANDABLE] info: Express API routes available
Sun Feb 01 2026 23:29:56 } [BRANDABLE] info: Socket.io running on same port
Sun Feb 01 2026 23:29:57 } [BRANDABLE] info: SIGTERM received
Sun Feb 01 2026 23:29:57 } [BRANDABLE] info: Server running on port 5050
Sun Feb 01 2026 23:29:57 } [BRANDABLE] info: Express API routes available
Sun Feb 01 2026 23:29:57 } [BRANDABLE] info: Socket.io running on same port
Sun Feb 01 2026 23:29:57 } [BRANDABLE] info: SIGTERM received
Sun Feb 01 2026 23:29:57 } [BRANDABLE] info: Server running on port 5050
Sun Feb 01 2026 23:29:57 } [BRANDABLE] info: Express API routes available
Sun Feb 01 2026 23:29:57 } [BRANDABLE] info: Socket.io running on same port
Sun Feb 01 2026 23:29:57 } [BRANDABLE] info: SIGTERM received
Sun Feb 01 2026 23:29:58 } [BRANDABLE] info: Server running on port 5050
Sun Feb 01 2026 23:29:58 } [BRANDABLE] info: Express API routes available
Sun Feb 01 2026 23:29:58 } [BRANDABLE] info: Socket.io running on same port
Sun Feb 01 2026 23:29:58 } [BRANDABLE] info: SIGTERM received
Sun Feb 01 2026 23:29:58 } [BRANDABLE] info: Server running on port 5050
Sun Feb 01 2026 23:29:58 } [BRANDABLE] info: Express API routes available
Sun Feb 01 2026 23:29:58 } [BRANDABLE] info: Socket.io running on same port
Sun Feb 01 2026 23:30:0 } [BRANDABLE] info: SIGTERM received
Sun Feb 01 2026 23:30:0 } [BRANDABLE] info: Server running on port 5050
Sun Feb 01 2026 23:30:0 } [BRANDABLE] info: Express API routes available
Sun Feb 01 2026 23:30:0 } [BRANDABLE] info: Socket.io running on same port
Sun Feb 01 2026 23:30:0 } [BRANDABLE] info: SIGTERM received
Sun Feb 01 2026 23:30:0 } [BRANDABLE] info: Server running on port 5050
Sun Feb 01 2026 23:30:0 } [BRANDABLE] info: Express API routes available
Sun Feb 01 2026 23:30:0 } [BRANDABLE] info: Socket.io running on same port
Sun Feb 01 2026 23:30:1 } [BRANDABLE] info: SIGTERM received
Sun Feb 01 2026 23:30:1 } [BRANDABLE] info: Server running on port 5050
Sun Feb 01 2026 23:30:1 } [BRANDABLE] info: Express API routes available
Sun Feb 01 2026 23:30:1 } [BRANDABLE] info: Socket.io running on same port
Sun Feb 01 2026 23:30:1 } [BRANDABLE] info: SIGTERM received
Sun Feb 01 2026 23:30:1 } [BRANDABLE] info: Server running on port 5050
Sun Feb 01 2026 23:30:1 } [BRANDABLE] info: Express API routes available
Sun Feb 01 2026 23:30:1 } [BRANDABLE] info: Socket.io running on same port
Sun Feb 01 2026 23:32:58 } [BRANDABLE] info: SIGTERM received
Sun Feb 01 2026 23:32:59 } [BRANDABLE] info: Server running on port 5050
Sun Feb 01 2026 23:32:59 } [BRANDABLE] info: Express API routes available
Sun Feb 01 2026 23:32:59 } [BRANDABLE] info: Socket.io running on same port
Sun Feb 01 2026 23:35:48 } [BRANDABLE] info: SIGTERM received
Sun Feb 01 2026 23:39:8 } [BRANDABLE] info: Server running on port 5050
Sun Feb 01 2026 23:39:8 } [BRANDABLE] info: Express API routes available
Sun Feb 01 2026 23:39:8 } [BRANDABLE] info: Socket.io running on same port
